{"numFailedTestSuites":1,"numFailedTests":11,"numPassedTestSuites":0,"numPassedTests":51,"numPendingTestSuites":0,"numPendingTests":4,"numRuntimeErrorTestSuites":0,"numTodoTests":0,"numTotalTestSuites":1,"numTotalTests":66,"openHandles":[],"snapshot":{"added":0,"didUpdate":false,"failure":false,"filesAdded":0,"filesRemoved":0,"filesRemovedList":[],"filesUnmatched":0,"filesUpdated":0,"matched":0,"total":0,"unchecked":0,"uncheckedKeysByFile":[],"unmatched":0,"updated":0},"startTime":1784014762740,"success":false,"testResults":[{"assertionResults":[{"ancestorTitles":["safe isolated startup"],"duration":453,"failing":false,"failureDetails":[],"failureMessages":[],"fullName":"safe isolated startup uses only the MongoDB Memory Server database","invocations":1,"location":null,"numPassingAsserts":2,"retryReasons":[],"startAt":1784014777046,"status":"passed","title":"uses only the MongoDB Memory Server database"},{"ancestorTitles":["safe isolated startup"],"duration":222,"failing":false,"failureDetails":[],"failureMessages":[],"fullName":"safe isolated startup serves the API health route","invocations":1,"location":null,"numPassingAsserts":1,"retryReasons":[],"startAt":1784014777501,"status":"passed","title":"serves the API health route"},{"ancestorTitles":["registration and email verification"],"duration":923,"failing":false,"failureDetails":[],"failureMessages":[],"fullName":"registration and email verification registers a user without returning a password","invocations":1,"location":null,"numPassingAsserts":3,"retryReasons":[],"startAt":1784014777725,"status":"passed","title":"registers a user without returning a password"},{"ancestorTitles":["registration and email verification"],"duration":35,"failing":false,"failureDetails":[],"failureMessages":[],"fullName":"registration and email verification rejects empty registration","invocations":1,"location":null,"numPassingAsserts":1,"retryReasons":[],"startAt":1784014778648,"status":"passed","title":"rejects empty registration"},{"ancestorTitles":["registration and email verification"],"duration":149,"failing":false,"failureDetails":[],"failureMessages":[],"fullName":"registration and email verification rejects duplicate email","invocations":1,"location":null,"numPassingAsserts":1,"retryReasons":[],"startAt":1784014778683,"status":"passed","title":"rejects duplicate email"},{"ancestorTitles":["registration and email verification"],"duration":143,"failing":false,"failureDetails":[],"failureMessages":[],"fullName":"registration and email verification does not allow public registration to choose admin role","invocations":1,"location":null,"numPassingAsserts":2,"retryReasons":[],"startAt":1784014778832,"status":"passed","title":"does not allow public registration to choose admin role"},{"ancestorTitles":["registration and email verification"],"duration":29,"failing":false,"failureDetails":[],"failureMessages":[],"fullName":"registration and email verification rejects email verification without token","invocations":1,"location":null,"numPassingAsserts":1,"retryReasons":[],"startAt":1784014778976,"status":"passed","title":"rejects email verification without token"},{"ancestorTitles":["registration and email verification"],"duration":156,"failing":false,"failureDetails":[],"failureMessages":[],"fullName":"registration and email verification verifies a valid email token","invocations":1,"location":null,"numPassingAsserts":2,"retryReasons":[],"startAt":1784014779006,"status":"passed","title":"verifies a valid email token"},{"ancestorTitles":["registration and email verification"],"duration":27,"failing":false,"failureDetails":[],"failureMessages":[],"fullName":"registration and email verification rejects an invalid verification token","invocations":1,"location":null,"numPassingAsserts":1,"retryReasons":[],"startAt":1784014779162,"status":"passed","title":"rejects an invalid verification token"},{"ancestorTitles":["login and access-token authentication"],"duration":363,"failing":false,"failureDetails":[],"failureMessages":[],"fullName":"login and access-token authentication logs in a verified active user","invocations":1,"location":null,"numPassingAsserts":3,"retryReasons":[],"startAt":1784014779189,"status":"passed","title":"logs in a verified active user"},{"ancestorTitles":["login and access-token authentication"],"duration":129,"failing":false,"failureDetails":[],"failureMessages":[],"fullName":"login and access-token authentication rejects empty login","invocations":1,"location":null,"numPassingAsserts":1,"retryReasons":[],"startAt":1784014779552,"status":"passed","title":"rejects empty login"},{"ancestorTitles":["login and access-token authentication"],"duration":91,"failing":false,"failureDetails":[],"failureMessages":[],"fullName":"login and access-token authentication rejects unknown email","invocations":1,"location":null,"numPassingAsserts":1,"retryReasons":[],"startAt":1784014779681,"status":"passed","title":"rejects unknown email"},{"ancestorTitles":["login and access-token authentication"],"duration":347,"failing":false,"failureDetails":[],"failureMessages":[],"fullName":"login and access-token authentication rejects incorrect password","invocations":1,"location":null,"numPassingAsserts":1,"retryReasons":[],"startAt":1784014779774,"status":"passed","title":"rejects incorrect password"},{"ancestorTitles":["login and access-token authentication"],"duration":310,"failing":false,"failureDetails":[],"failureMessages":[],"fullName":"login and access-token authentication rejects unverified user","invocations":1,"location":null,"numPassingAsserts":1,"retryReasons":[],"startAt":1784014780122,"status":"passed","title":"rejects unverified user"},{"ancestorTitles":["login and access-token authentication"],"duration":131,"failing":false,"failureDetails":[],"failureMessages":[],"fullName":"login and access-token authentication rejects blocked user","invocations":1,"location":null,"numPassingAsserts":1,"retryReasons":[],"startAt":1784014780432,"status":"passed","title":"rejects blocked user"},{"ancestorTitles":["login and access-token authentication"],"duration":48,"failing":false,"failureDetails":[],"failureMessages":[],"fullName":"login and access-token authentication rejects missing token","invocations":1,"location":null,"numPassingAsserts":1,"retryReasons":[],"startAt":1784014780563,"status":"passed","title":"rejects missing token"},{"ancestorTitles":["login and access-token authentication"],"duration":44,"failing":false,"failureDetails":[],"failureMessages":[],"fullName":"login and access-token authentication rejects invalid access token","invocations":1,"location":null,"numPassingAsserts":1,"retryReasons":[],"startAt":1784014780612,"status":"passed","title":"rejects invalid access token"},{"ancestorTitles":["login and access-token authentication"],"duration":129,"failing":false,"failureDetails":[],"failureMessages":[],"fullName":"login and access-token authentication rejects expired access token","invocations":1,"location":null,"numPassingAsserts":1,"retryReasons":[],"startAt":1784014780656,"status":"passed","title":"rejects expired access token"},{"ancestorTitles":["login and access-token authentication"],"duration":149,"failing":false,"failureDetails":[{"matcherResult":{"message":"expect(received).not.toContain(expected) // indexOf\n\nExpected substring: not \"eyJhbGciOiJIUzI1NiIsInR5cCI6IkpXVCJ9.eyJpZCI6IjZhNTVlN2JjMjg4NDZmYzQyMjYwODBmZCIsInJvbGUiOiJ1c2VyIiwiaWF0IjoxNzg0MDE0NzgwLCJleHAiOjE3ODQwMTU2ODB9.3cvc_ZCU9HQxrfW7ihoIKpd29fgNv1jjZigyorcC_Yk\"\nReceived string:        \"[[{\\\"host\\\":\\\"127.0.0.1:65236\\\",\\\"accept-encoding\\\":\\\"gzip, deflate\\\",\\\"authorization\\\":\\\"Bearer eyJhbGciOiJIUzI1NiIsInR5cCI6IkpXVCJ9.eyJpZCI6IjZhNTVlN2JjMjg4NDZmYzQyMjYwODBmZCIsInJvbGUiOiJ1c2VyIiwiaWF0IjoxNzg0MDE0NzgwLCJleHAiOjE3ODQwMTU2ODB9.3cvc_ZCU9HQxrfW7ihoIKpd29fgNv1jjZigyorcC_Yk\\\",\\\"connection\\\":\\\"close\\\"}],[\\\"Bearer eyJhbGciOiJIUzI1NiIsInR5cCI6IkpXVCJ9.eyJpZCI6IjZhNTVlN2JjMjg4NDZmYzQyMjYwODBmZCIsInJvbGUiOiJ1c2VyIiwiaWF0IjoxNzg0MDE0NzgwLCJleHAiOjE3ODQwMTU2ODB9.3cvc_ZCU9HQxrfW7ihoIKpd29fgNv1jjZigyorcC_Yk\\\"]]\"","pass":true}}],"failureMessages":["Error: expect(received).not.toContain(expected) // indexOf\n\nExpected substring: not \"eyJhbGciOiJIUzI1NiIsInR5cCI6IkpXVCJ9.eyJpZCI6IjZhNTVlN2JjMjg4NDZmYzQyMjYwODBmZCIsInJvbGUiOiJ1c2VyIiwiaWF0IjoxNzg0MDE0NzgwLCJleHAiOjE3ODQwMTU2ODB9.3cvc_ZCU9HQxrfW7ihoIKpd29fgNv1jjZigyorcC_Yk\"\nReceived string:        \"[[{\\\"host\\\":\\\"127.0.0.1:65236\\\",\\\"accept-encoding\\\":\\\"gzip, deflate\\\",\\\"authorization\\\":\\\"Bearer eyJhbGciOiJIUzI1NiIsInR5cCI6IkpXVCJ9.eyJpZCI6IjZhNTVlN2JjMjg4NDZmYzQyMjYwODBmZCIsInJvbGUiOiJ1c2VyIiwiaWF0IjoxNzg0MDE0NzgwLCJleHAiOjE3ODQwMTU2ODB9.3cvc_ZCU9HQxrfW7ihoIKpd29fgNv1jjZigyorcC_Yk\\\",\\\"connection\\\":\\\"close\\\"}],[\\\"Bearer eyJhbGciOiJIUzI1NiIsInR5cCI6IkpXVCJ9.eyJpZCI6IjZhNTVlN2JjMjg4NDZmYzQyMjYwODBmZCIsInJvbGUiOiJ1c2VyIiwiaWF0IjoxNzg0MDE0NzgwLCJleHAiOjE3ODQwMTU2ODB9.3cvc_ZCU9HQxrfW7ihoIKpd29fgNv1jjZigyorcC_Yk\\\"]]\"\n    at Object.<anonymous> (D:\\GameENGINE\\backend\\tests\\api.test.js:216:28)\n    at processTicksAndRejections (node:internal/process/task_queues:105:5)"],"fullName":"login and access-token authentication does not log bearer tokens","invocations":1,"location":null,"numPassingAsserts":0,"retryReasons":[],"startAt":1784014780785,"status":"failed","title":"does not log bearer tokens"},{"ancestorTitles":["refresh and logout"],"duration":263,"failing":false,"failureDetails":[],"failureMessages":[],"fullName":"refresh and logout refreshes a valid refresh token","invocations":1,"location":null,"numPassingAsserts":2,"retryReasons":[],"startAt":1784014780942,"status":"passed","title":"refreshes a valid refresh token"},{"ancestorTitles":["refresh and logout"],"duration":50,"failing":false,"failureDetails":[],"failureMessages":[],"fullName":"refresh and logout rejects missing refresh token","invocations":1,"location":null,"numPassingAsserts":1,"retryReasons":[],"startAt":1784014781205,"status":"passed","title":"rejects missing refresh token"},{"ancestorTitles":["refresh and logout"],"duration":55,"failing":false,"failureDetails":[],"failureMessages":[],"fullName":"refresh and logout rejects invalid refresh token","invocations":1,"location":null,"numPassingAsserts":1,"retryReasons":[],"startAt":1784014781256,"status":"passed","title":"rejects invalid refresh token"},{"ancestorTitles":["refresh and logout"],"duration":169,"failing":false,"failureDetails":[],"failureMessages":[],"fullName":"refresh and logout rejects expired refresh token","invocations":1,"location":null,"numPassingAsserts":1,"retryReasons":[],"startAt":1784014781311,"status":"passed","title":"rejects expired refresh token"},{"ancestorTitles":["refresh and logout"],"duration":229,"failing":false,"failureDetails":[{"matcherResult":{"actual":200,"expected":401,"message":"expect(received).toBe(expected) // Object.is equality\n\nExpected: 401\nReceived: 200","name":"toBe","pass":false}}],"failureMessages":["Error: expect(received).toBe(expected) // Object.is equality\n\nExpected: 401\nReceived: 200\n    at Object.<anonymous> (D:\\GameENGINE\\backend\\tests\\api.test.js:245:114)\n    at processTicksAndRejections (node:internal/process/task_queues:105:5)"],"fullName":"refresh and logout rotates and revokes the previous refresh token","invocations":1,"location":null,"numPassingAsserts":1,"retryReasons":[],"startAt":1784014781480,"status":"failed","title":"rotates and revokes the previous refresh token"},{"ancestorTitles":["refresh and logout"],"duration":259,"failing":false,"failureDetails":[{"matcherResult":{"message":"expect(received).toHaveLength(expected)\n\nExpected length: 1\nReceived length: 5\nReceived array:  [{\"header\": {\"access-control-allow-origin\": \"*\", \"connection\": \"close\", \"content-length\": \"878\", \"content-type\": \"application/json; charset=utf-8\", \"date\": \"Tue, 14 Jul 2026 07:39:41 GMT\", \"etag\": \"W/\\\"36e-zZHU+MJfU+TvftzmGTYuhb4WOd0\\\"\", \"x-powered-by\": \"Express\"}, \"req\": {\"data\": {\"refreshToken\": \"eyJhbGciOiJIUzI1NiIsInR5cCI6IkpXVCJ9.eyJpZCI6IjZhNTVlN2JkMjg4NDZmYzQyMjYwODEwMSIsInJvbGUiOiJ1c2VyIiwiaWF0IjoxNzg0MDE0NzgxLCJleHAiOjE3ODQ2MTk1ODF9.Lgwm3V9bFECFwwTE92-ApgeUwhlbYFEGb3ZRhcW8EEI\"}, \"headers\": {\"content-type\": \"application/json\"}, \"method\": \"POST\", \"url\": \"http://127.0.0.1:65261/api/v1/user/auth/refresh-token\"}, \"status\": 200, \"text\": \"{\\\"message\\\":\\\"Token refreshed successfully\\\",\\\"accessToken\\\":\\\"eyJhbGciOiJIUzI1NiIsInR5cCI6IkpXVCJ9.eyJpZCI6IjZhNTVlN2JkMjg4NDZmYzQyMjYwODEwMSIsInJvbGUiOiJ1c2VyIiwiaWF0IjoxNzg0MDE0NzgxLCJleHAiOjE3ODQwMTU2ODF9.cnJDat2Pd5EGir_5YCGWCoV5LNHGE9rIx3Z3cOa5ejI\\\",\\\"refreshToken\\\":\\\"eyJhbGciOiJIUzI1NiIsInR5cCI6IkpXVCJ9.eyJpZCI6IjZhNTVlN2JkMjg4NDZmYzQyMjYwODEwMSIsInJvbGUiOiJ1c2VyIiwiaWF0IjoxNzg0MDE0NzgxLCJleHAiOjE3ODQ2MTk1ODF9.Lgwm3V9bFECFwwTE92-ApgeUwhlbYFEGb3ZRhcW8EEI\\\",\\\"token\\\":{\\\"accessToken\\\":\\\"eyJhbGciOiJIUzI1NiIsInR5cCI6IkpXVCJ9.eyJpZCI6IjZhNTVlN2JkMjg4NDZmYzQyMjYwODEwMSIsInJvbGUiOiJ1c2VyIiwiaWF0IjoxNzg0MDE0NzgxLCJleHAiOjE3ODQwMTU2ODF9.cnJDat2Pd5EGir_5YCGWCoV5LNHGE9rIx3Z3cOa5ejI\\\",\\\"refreshToken\\\":\\\"eyJhbGciOiJIUzI1NiIsInR5cCI6IkpXVCJ9.eyJpZCI6IjZhNTVlN2JkMjg4NDZmYzQyMjYwODEwMSIsInJvbGUiOiJ1c2VyIiwiaWF0IjoxNzg0MDE0NzgxLCJleHAiOjE3ODQ2MTk1ODF9.Lgwm3V9bFECFwwTE92-ApgeUwhlbYFEGb3ZRhcW8EEI\\\"}}\"}, {\"header\": {\"access-control-allow-origin\": \"*\", \"connection\": \"close\", \"content-length\": \"878\", \"content-type\": \"application/json; charset=utf-8\", \"date\": \"Tue, 14 Jul 2026 07:39:41 GMT\", \"etag\": \"W/\\\"36e-zZHU+MJfU+TvftzmGTYuhb4WOd0\\\"\", \"x-powered-by\": \"Express\"}, \"req\": {\"data\": {\"refreshToken\": \"eyJhbGciOiJIUzI1NiIsInR5cCI6IkpXVCJ9.eyJpZCI6IjZhNTVlN2JkMjg4NDZmYzQyMjYwODEwMSIsInJvbGUiOiJ1c2VyIiwiaWF0IjoxNzg0MDE0NzgxLCJleHAiOjE3ODQ2MTk1ODF9.Lgwm3V9bFECFwwTE92-ApgeUwhlbYFEGb3ZRhcW8EEI\"}, \"headers\": {\"content-type\": \"application/json\"}, \"method\": \"POST\", \"url\": \"http://127.0.0.1:65262/api/v1/user/auth/refresh-token\"}, \"status\": 200, \"text\": \"{\\\"message\\\":\\\"Token refreshed successfully\\\",\\\"accessToken\\\":\\\"eyJhbGciOiJIUzI1NiIsInR5cCI6IkpXVCJ9.eyJpZCI6IjZhNTVlN2JkMjg4NDZmYzQyMjYwODEwMSIsInJvbGUiOiJ1c2VyIiwiaWF0IjoxNzg0MDE0NzgxLCJleHAiOjE3ODQwMTU2ODF9.cnJDat2Pd5EGir_5YCGWCoV5LNHGE9rIx3Z3cOa5ejI\\\",\\\"refreshToken\\\":\\\"eyJhbGciOiJIUzI1NiIsInR5cCI6IkpXVCJ9.eyJpZCI6IjZhNTVlN2JkMjg4NDZmYzQyMjYwODEwMSIsInJvbGUiOiJ1c2VyIiwiaWF0IjoxNzg0MDE0NzgxLCJleHAiOjE3ODQ2MTk1ODF9.Lgwm3V9bFECFwwTE92-ApgeUwhlbYFEGb3ZRhcW8EEI\\\",\\\"token\\\":{\\\"accessToken\\\":\\\"eyJhbGciOiJIUzI1NiIsInR5cCI6IkpXVCJ9.eyJpZCI6IjZhNTVlN2JkMjg4NDZmYzQyMjYwODEwMSIsInJvbGUiOiJ1c2VyIiwiaWF0IjoxNzg0MDE0NzgxLCJleHAiOjE3ODQwMTU2ODF9.cnJDat2Pd5EGir_5YCGWCoV5LNHGE9rIx3Z3cOa5ejI\\\",\\\"refreshToken\\\":\\\"eyJhbGciOiJIUzI1NiIsInR5cCI6IkpXVCJ9.eyJpZCI6IjZhNTVlN2JkMjg4NDZmYzQyMjYwODEwMSIsInJvbGUiOiJ1c2VyIiwiaWF0IjoxNzg0MDE0NzgxLCJleHAiOjE3ODQ2MTk1ODF9.Lgwm3V9bFECFwwTE92-ApgeUwhlbYFEGb3ZRhcW8EEI\\\"}}\"}, {\"header\": {\"access-control-allow-origin\": \"*\", \"connection\": \"close\", \"content-length\": \"878\", \"content-type\": \"application/json; charset=utf-8\", \"date\": \"Tue, 14 Jul 2026 07:39:41 GMT\", \"etag\": \"W/\\\"36e-zZHU+MJfU+TvftzmGTYuhb4WOd0\\\"\", \"x-powered-by\": \"Express\"}, \"req\": {\"data\": {\"refreshToken\": \"eyJhbGciOiJIUzI1NiIsInR5cCI6IkpXVCJ9.eyJpZCI6IjZhNTVlN2JkMjg4NDZmYzQyMjYwODEwMSIsInJvbGUiOiJ1c2VyIiwiaWF0IjoxNzg0MDE0NzgxLCJleHAiOjE3ODQ2MTk1ODF9.Lgwm3V9bFECFwwTE92-ApgeUwhlbYFEGb3ZRhcW8EEI\"}, \"headers\": {\"content-type\": \"application/json\"}, \"method\": \"POST\", \"url\": \"http://127.0.0.1:65263/api/v1/user/auth/refresh-token\"}, \"status\": 200, \"text\": \"{\\\"message\\\":\\\"Token refreshed successfully\\\",\\\"accessToken\\\":\\\"eyJhbGciOiJIUzI1NiIsInR5cCI6IkpXVCJ9.eyJpZCI6IjZhNTVlN2JkMjg4NDZmYzQyMjYwODEwMSIsInJvbGUiOiJ1c2VyIiwiaWF0IjoxNzg0MDE0NzgxLCJleHAiOjE3ODQwMTU2ODF9.cnJDat2Pd5EGir_5YCGWCoV5LNHGE9rIx3Z3cOa5ejI\\\",\\\"refreshToken\\\":\\\"eyJhbGciOiJIUzI1NiIsInR5cCI6IkpXVCJ9.eyJpZCI6IjZhNTVlN2JkMjg4NDZmYzQyMjYwODEwMSIsInJvbGUiOiJ1c2VyIiwiaWF0IjoxNzg0MDE0NzgxLCJleHAiOjE3ODQ2MTk1ODF9.Lgwm3V9bFECFwwTE92-ApgeUwhlbYFEGb3ZRhcW8EEI\\\",\\\"token\\\":{\\\"accessToken\\\":\\\"eyJhbGciOiJIUzI1NiIsInR5cCI6IkpXVCJ9.eyJpZCI6IjZhNTVlN2JkMjg4NDZmYzQyMjYwODEwMSIsInJvbGUiOiJ1c2VyIiwiaWF0IjoxNzg0MDE0NzgxLCJleHAiOjE3ODQwMTU2ODF9.cnJDat2Pd5EGir_5YCGWCoV5LNHGE9rIx3Z3cOa5ejI\\\",\\\"refreshToken\\\":\\\"eyJhbGciOiJIUzI1NiIsInR5cCI6IkpXVCJ9.eyJpZCI6IjZhNTVlN2JkMjg4NDZmYzQyMjYwODEwMSIsInJvbGUiOiJ1c2VyIiwiaWF0IjoxNzg0MDE0NzgxLCJleHAiOjE3ODQ2MTk1ODF9.Lgwm3V9bFECFwwTE92-ApgeUwhlbYFEGb3ZRhcW8EEI\\\"}}\"}, {\"header\": {\"access-control-allow-origin\": \"*\", \"connection\": \"close\", \"content-length\": \"878\", \"content-type\": \"application/json; charset=utf-8\", \"date\": \"Tue, 14 Jul 2026 07:39:41 GMT\", \"etag\": \"W/\\\"36e-zZHU+MJfU+TvftzmGTYuhb4WOd0\\\"\", \"x-powered-by\": \"Express\"}, \"req\": {\"data\": {\"refreshToken\": \"eyJhbGciOiJIUzI1NiIsInR5cCI6IkpXVCJ9.eyJpZCI6IjZhNTVlN2JkMjg4NDZmYzQyMjYwODEwMSIsInJvbGUiOiJ1c2VyIiwiaWF0IjoxNzg0MDE0NzgxLCJleHAiOjE3ODQ2MTk1ODF9.Lgwm3V9bFECFwwTE92-ApgeUwhlbYFEGb3ZRhcW8EEI\"}, \"headers\": {\"content-type\": \"application/json\"}, \"method\": \"POST\", \"url\": \"http://127.0.0.1:65264/api/v1/user/auth/refresh-token\"}, \"status\": 200, \"text\": \"{\\\"message\\\":\\\"Token refreshed successfully\\\",\\\"accessToken\\\":\\\"eyJhbGciOiJIUzI1NiIsInR5cCI6IkpXVCJ9.eyJpZCI6IjZhNTVlN2JkMjg4NDZmYzQyMjYwODEwMSIsInJvbGUiOiJ1c2VyIiwiaWF0IjoxNzg0MDE0NzgxLCJleHAiOjE3ODQwMTU2ODF9.cnJDat2Pd5EGir_5YCGWCoV5LNHGE9rIx3Z3cOa5ejI\\\",\\\"refreshToken\\\":\\\"eyJhbGciOiJIUzI1NiIsInR5cCI6IkpXVCJ9.eyJpZCI6IjZhNTVlN2JkMjg4NDZmYzQyMjYwODEwMSIsInJvbGUiOiJ1c2VyIiwiaWF0IjoxNzg0MDE0NzgxLCJleHAiOjE3ODQ2MTk1ODF9.Lgwm3V9bFECFwwTE92-ApgeUwhlbYFEGb3ZRhcW8EEI\\\",\\\"token\\\":{\\\"accessToken\\\":\\\"eyJhbGciOiJIUzI1NiIsInR5cCI6IkpXVCJ9.eyJpZCI6IjZhNTVlN2JkMjg4NDZmYzQyMjYwODEwMSIsInJvbGUiOiJ1c2VyIiwiaWF0IjoxNzg0MDE0NzgxLCJleHAiOjE3ODQwMTU2ODF9.cnJDat2Pd5EGir_5YCGWCoV5LNHGE9rIx3Z3cOa5ejI\\\",\\\"refreshToken\\\":\\\"eyJhbGciOiJIUzI1NiIsInR5cCI6IkpXVCJ9.eyJpZCI6IjZhNTVlN2JkMjg4NDZmYzQyMjYwODEwMSIsInJvbGUiOiJ1c2VyIiwiaWF0IjoxNzg0MDE0NzgxLCJleHAiOjE3ODQ2MTk1ODF9.Lgwm3V9bFECFwwTE92-ApgeUwhlbYFEGb3ZRhcW8EEI\\\"}}\"}, {\"header\": {\"access-control-allow-origin\": \"*\", \"connection\": \"close\", \"content-length\": \"878\", \"content-type\": \"application/json; charset=utf-8\", \"date\": \"Tue, 14 Jul 2026 07:39:41 GMT\", \"etag\": \"W/\\\"36e-zZHU+MJfU+TvftzmGTYuhb4WOd0\\\"\", \"x-powered-by\": \"Express\"}, \"req\": {\"data\": {\"refreshToken\": \"eyJhbGciOiJIUzI1NiIsInR5cCI6IkpXVCJ9.eyJpZCI6IjZhNTVlN2JkMjg4NDZmYzQyMjYwODEwMSIsInJvbGUiOiJ1c2VyIiwiaWF0IjoxNzg0MDE0NzgxLCJleHAiOjE3ODQ2MTk1ODF9.Lgwm3V9bFECFwwTE92-ApgeUwhlbYFEGb3ZRhcW8EEI\"}, \"headers\": {\"content-type\": \"application/json\"}, \"method\": \"POST\", \"url\": \"http://127.0.0.1:65265/api/v1/user/auth/refresh-token\"}, \"status\": 200, \"text\": \"{\\\"message\\\":\\\"Token refreshed successfully\\\",\\\"accessToken\\\":\\\"eyJhbGciOiJIUzI1NiIsInR5cCI6IkpXVCJ9.eyJpZCI6IjZhNTVlN2JkMjg4NDZmYzQyMjYwODEwMSIsInJvbGUiOiJ1c2VyIiwiaWF0IjoxNzg0MDE0NzgxLCJleHAiOjE3ODQwMTU2ODF9.cnJDat2Pd5EGir_5YCGWCoV5LNHGE9rIx3Z3cOa5ejI\\\",\\\"refreshToken\\\":\\\"eyJhbGciOiJIUzI1NiIsInR5cCI6IkpXVCJ9.eyJpZCI6IjZhNTVlN2JkMjg4NDZmYzQyMjYwODEwMSIsInJvbGUiOiJ1c2VyIiwiaWF0IjoxNzg0MDE0NzgxLCJleHAiOjE3ODQ2MTk1ODF9.Lgwm3V9bFECFwwTE92-ApgeUwhlbYFEGb3ZRhcW8EEI\\\",\\\"token\\\":{\\\"accessToken\\\":\\\"eyJhbGciOiJIUzI1NiIsInR5cCI6IkpXVCJ9.eyJpZCI6IjZhNTVlN2JkMjg4NDZmYzQyMjYwODEwMSIsInJvbGUiOiJ1c2VyIiwiaWF0IjoxNzg0MDE0NzgxLCJleHAiOjE3ODQwMTU2ODF9.cnJDat2Pd5EGir_5YCGWCoV5LNHGE9rIx3Z3cOa5ejI\\\",\\\"refreshToken\\\":\\\"eyJhbGciOiJIUzI1NiIsInR5cCI6IkpXVCJ9.eyJpZCI6IjZhNTVlN2JkMjg4NDZmYzQyMjYwODEwMSIsInJvbGUiOiJ1c2VyIiwiaWF0IjoxNzg0MDE0NzgxLCJleHAiOjE3ODQ2MTk1ODF9.Lgwm3V9bFECFwwTE92-ApgeUwhlbYFEGb3ZRhcW8EEI\\\"}}\"}]","pass":false}}],"failureMessages":["Error: expect(received).toHaveLength(expected)\n\nExpected length: 1\nReceived length: 5\nReceived array:  [{\"header\": {\"access-control-allow-origin\": \"*\", \"connection\": \"close\", \"content-length\": \"878\", \"content-type\": \"application/json; charset=utf-8\", \"date\": \"Tue, 14 Jul 2026 07:39:41 GMT\", \"etag\": \"W/\\\"36e-zZHU+MJfU+TvftzmGTYuhb4WOd0\\\"\", \"x-powered-by\": \"Express\"}, \"req\": {\"data\": {\"refreshToken\": \"eyJhbGciOiJIUzI1NiIsInR5cCI6IkpXVCJ9.eyJpZCI6IjZhNTVlN2JkMjg4NDZmYzQyMjYwODEwMSIsInJvbGUiOiJ1c2VyIiwiaWF0IjoxNzg0MDE0NzgxLCJleHAiOjE3ODQ2MTk1ODF9.Lgwm3V9bFECFwwTE92-ApgeUwhlbYFEGb3ZRhcW8EEI\"}, \"headers\": {\"content-type\": \"application/json\"}, \"method\": \"POST\", \"url\": \"http://127.0.0.1:65261/api/v1/user/auth/refresh-token\"}, \"status\": 200, \"text\": \"{\\\"message\\\":\\\"Token refreshed successfully\\\",\\\"accessToken\\\":\\\"eyJhbGciOiJIUzI1NiIsInR5cCI6IkpXVCJ9.eyJpZCI6IjZhNTVlN2JkMjg4NDZmYzQyMjYwODEwMSIsInJvbGUiOiJ1c2VyIiwiaWF0IjoxNzg0MDE0NzgxLCJleHAiOjE3ODQwMTU2ODF9.cnJDat2Pd5EGir_5YCGWCoV5LNHGE9rIx3Z3cOa5ejI\\\",\\\"refreshToken\\\":\\\"eyJhbGciOiJIUzI1NiIsInR5cCI6IkpXVCJ9.eyJpZCI6IjZhNTVlN2JkMjg4NDZmYzQyMjYwODEwMSIsInJvbGUiOiJ1c2VyIiwiaWF0IjoxNzg0MDE0NzgxLCJleHAiOjE3ODQ2MTk1ODF9.Lgwm3V9bFECFwwTE92-ApgeUwhlbYFEGb3ZRhcW8EEI\\\",\\\"token\\\":{\\\"accessToken\\\":\\\"eyJhbGciOiJIUzI1NiIsInR5cCI6IkpXVCJ9.eyJpZCI6IjZhNTVlN2JkMjg4NDZmYzQyMjYwODEwMSIsInJvbGUiOiJ1c2VyIiwiaWF0IjoxNzg0MDE0NzgxLCJleHAiOjE3ODQwMTU2ODF9.cnJDat2Pd5EGir_5YCGWCoV5LNHGE9rIx3Z3cOa5ejI\\\",\\\"refreshToken\\\":\\\"eyJhbGciOiJIUzI1NiIsInR5cCI6IkpXVCJ9.eyJpZCI6IjZhNTVlN2JkMjg4NDZmYzQyMjYwODEwMSIsInJvbGUiOiJ1c2VyIiwiaWF0IjoxNzg0MDE0NzgxLCJleHAiOjE3ODQ2MTk1ODF9.Lgwm3V9bFECFwwTE92-ApgeUwhlbYFEGb3ZRhcW8EEI\\\"}}\"}, {\"header\": {\"access-control-allow-origin\": \"*\", \"connection\": \"close\", \"content-length\": \"878\", \"content-type\": \"application/json; charset=utf-8\", \"date\": \"Tue, 14 Jul 2026 07:39:41 GMT\", \"etag\": \"W/\\\"36e-zZHU+MJfU+TvftzmGTYuhb4WOd0\\\"\", \"x-powered-by\": \"Express\"}, \"req\": {\"data\": {\"refreshToken\": \"eyJhbGciOiJIUzI1NiIsInR5cCI6IkpXVCJ9.eyJpZCI6IjZhNTVlN2JkMjg4NDZmYzQyMjYwODEwMSIsInJvbGUiOiJ1c2VyIiwiaWF0IjoxNzg0MDE0NzgxLCJleHAiOjE3ODQ2MTk1ODF9.Lgwm3V9bFECFwwTE92-ApgeUwhlbYFEGb3ZRhcW8EEI\"}, \"headers\": {\"content-type\": \"application/json\"}, \"method\": \"POST\", \"url\": \"http://127.0.0.1:65262/api/v1/user/auth/refresh-token\"}, \"status\": 200, \"text\": \"{\\\"message\\\":\\\"Token refreshed successfully\\\",\\\"accessToken\\\":\\\"eyJhbGciOiJIUzI1NiIsInR5cCI6IkpXVCJ9.eyJpZCI6IjZhNTVlN2JkMjg4NDZmYzQyMjYwODEwMSIsInJvbGUiOiJ1c2VyIiwiaWF0IjoxNzg0MDE0NzgxLCJleHAiOjE3ODQwMTU2ODF9.cnJDat2Pd5EGir_5YCGWCoV5LNHGE9rIx3Z3cOa5ejI\\\",\\\"refreshToken\\\":\\\"eyJhbGciOiJIUzI1NiIsInR5cCI6IkpXVCJ9.eyJpZCI6IjZhNTVlN2JkMjg4NDZmYzQyMjYwODEwMSIsInJvbGUiOiJ1c2VyIiwiaWF0IjoxNzg0MDE0NzgxLCJleHAiOjE3ODQ2MTk1ODF9.Lgwm3V9bFECFwwTE92-ApgeUwhlbYFEGb3ZRhcW8EEI\\\",\\\"token\\\":{\\\"accessToken\\\":\\\"eyJhbGciOiJIUzI1NiIsInR5cCI6IkpXVCJ9.eyJpZCI6IjZhNTVlN2JkMjg4NDZmYzQyMjYwODEwMSIsInJvbGUiOiJ1c2VyIiwiaWF0IjoxNzg0MDE0NzgxLCJleHAiOjE3ODQwMTU2ODF9.cnJDat2Pd5EGir_5YCGWCoV5LNHGE9rIx3Z3cOa5ejI\\\",\\\"refreshToken\\\":\\\"eyJhbGciOiJIUzI1NiIsInR5cCI6IkpXVCJ9.eyJpZCI6IjZhNTVlN2JkMjg4NDZmYzQyMjYwODEwMSIsInJvbGUiOiJ1c2VyIiwiaWF0IjoxNzg0MDE0NzgxLCJleHAiOjE3ODQ2MTk1ODF9.Lgwm3V9bFECFwwTE92-ApgeUwhlbYFEGb3ZRhcW8EEI\\\"}}\"}, {\"header\": {\"access-control-allow-origin\": \"*\", \"connection\": \"close\", \"content-length\": \"878\", \"content-type\": \"application/json; charset=utf-8\", \"date\": \"Tue, 14 Jul 2026 07:39:41 GMT\", \"etag\": \"W/\\\"36e-zZHU+MJfU+TvftzmGTYuhb4WOd0\\\"\", \"x-powered-by\": \"Express\"}, \"req\": {\"data\": {\"refreshToken\": \"eyJhbGciOiJIUzI1NiIsInR5cCI6IkpXVCJ9.eyJpZCI6IjZhNTVlN2JkMjg4NDZmYzQyMjYwODEwMSIsInJvbGUiOiJ1c2VyIiwiaWF0IjoxNzg0MDE0NzgxLCJleHAiOjE3ODQ2MTk1ODF9.Lgwm3V9bFECFwwTE92-ApgeUwhlbYFEGb3ZRhcW8EEI\"}, \"headers\": {\"content-type\": \"application/json\"}, \"method\": \"POST\", \"url\": \"http://127.0.0.1:65263/api/v1/user/auth/refresh-token\"}, \"status\": 200, \"text\": \"{\\\"message\\\":\\\"Token refreshed successfully\\\",\\\"accessToken\\\":\\\"eyJhbGciOiJIUzI1NiIsInR5cCI6IkpXVCJ9.eyJpZCI6IjZhNTVlN2JkMjg4NDZmYzQyMjYwODEwMSIsInJvbGUiOiJ1c2VyIiwiaWF0IjoxNzg0MDE0NzgxLCJleHAiOjE3ODQwMTU2ODF9.cnJDat2Pd5EGir_5YCGWCoV5LNHGE9rIx3Z3cOa5ejI\\\",\\\"refreshToken\\\":\\\"eyJhbGciOiJIUzI1NiIsInR5cCI6IkpXVCJ9.eyJpZCI6IjZhNTVlN2JkMjg4NDZmYzQyMjYwODEwMSIsInJvbGUiOiJ1c2VyIiwiaWF0IjoxNzg0MDE0NzgxLCJleHAiOjE3ODQ2MTk1ODF9.Lgwm3V9bFECFwwTE92-ApgeUwhlbYFEGb3ZRhcW8EEI\\\",\\\"token\\\":{\\\"accessToken\\\":\\\"eyJhbGciOiJIUzI1NiIsInR5cCI6IkpXVCJ9.eyJpZCI6IjZhNTVlN2JkMjg4NDZmYzQyMjYwODEwMSIsInJvbGUiOiJ1c2VyIiwiaWF0IjoxNzg0MDE0NzgxLCJleHAiOjE3ODQwMTU2ODF9.cnJDat2Pd5EGir_5YCGWCoV5LNHGE9rIx3Z3cOa5ejI\\\",\\\"refreshToken\\\":\\\"eyJhbGciOiJIUzI1NiIsInR5cCI6IkpXVCJ9.eyJpZCI6IjZhNTVlN2JkMjg4NDZmYzQyMjYwODEwMSIsInJvbGUiOiJ1c2VyIiwiaWF0IjoxNzg0MDE0NzgxLCJleHAiOjE3ODQ2MTk1ODF9.Lgwm3V9bFECFwwTE92-ApgeUwhlbYFEGb3ZRhcW8EEI\\\"}}\"}, {\"header\": {\"access-control-allow-origin\": \"*\", \"connection\": \"close\", \"content-length\": \"878\", \"content-type\": \"application/json; charset=utf-8\", \"date\": \"Tue, 14 Jul 2026 07:39:41 GMT\", \"etag\": \"W/\\\"36e-zZHU+MJfU+TvftzmGTYuhb4WOd0\\\"\", \"x-powered-by\": \"Express\"}, \"req\": {\"data\": {\"refreshToken\": \"eyJhbGciOiJIUzI1NiIsInR5cCI6IkpXVCJ9.eyJpZCI6IjZhNTVlN2JkMjg4NDZmYzQyMjYwODEwMSIsInJvbGUiOiJ1c2VyIiwiaWF0IjoxNzg0MDE0NzgxLCJleHAiOjE3ODQ2MTk1ODF9.Lgwm3V9bFECFwwTE92-ApgeUwhlbYFEGb3ZRhcW8EEI\"}, \"headers\": {\"content-type\": \"application/json\"}, \"method\": \"POST\", \"url\": \"http://127.0.0.1:65264/api/v1/user/auth/refresh-token\"}, \"status\": 200, \"text\": \"{\\\"message\\\":\\\"Token refreshed successfully\\\",\\\"accessToken\\\":\\\"eyJhbGciOiJIUzI1NiIsInR5cCI6IkpXVCJ9.eyJpZCI6IjZhNTVlN2JkMjg4NDZmYzQyMjYwODEwMSIsInJvbGUiOiJ1c2VyIiwiaWF0IjoxNzg0MDE0NzgxLCJleHAiOjE3ODQwMTU2ODF9.cnJDat2Pd5EGir_5YCGWCoV5LNHGE9rIx3Z3cOa5ejI\\\",\\\"refreshToken\\\":\\\"eyJhbGciOiJIUzI1NiIsInR5cCI6IkpXVCJ9.eyJpZCI6IjZhNTVlN2JkMjg4NDZmYzQyMjYwODEwMSIsInJvbGUiOiJ1c2VyIiwiaWF0IjoxNzg0MDE0NzgxLCJleHAiOjE3ODQ2MTk1ODF9.Lgwm3V9bFECFwwTE92-ApgeUwhlbYFEGb3ZRhcW8EEI\\\",\\\"token\\\":{\\\"accessToken\\\":\\\"eyJhbGciOiJIUzI1NiIsInR5cCI6IkpXVCJ9.eyJpZCI6IjZhNTVlN2JkMjg4NDZmYzQyMjYwODEwMSIsInJvbGUiOiJ1c2VyIiwiaWF0IjoxNzg0MDE0NzgxLCJleHAiOjE3ODQwMTU2ODF9.cnJDat2Pd5EGir_5YCGWCoV5LNHGE9rIx3Z3cOa5ejI\\\",\\\"refreshToken\\\":\\\"eyJhbGciOiJIUzI1NiIsInR5cCI6IkpXVCJ9.eyJpZCI6IjZhNTVlN2JkMjg4NDZmYzQyMjYwODEwMSIsInJvbGUiOiJ1c2VyIiwiaWF0IjoxNzg0MDE0NzgxLCJleHAiOjE3ODQ2MTk1ODF9.Lgwm3V9bFECFwwTE92-ApgeUwhlbYFEGb3ZRhcW8EEI\\\"}}\"}, {\"header\": {\"access-control-allow-origin\": \"*\", \"connection\": \"close\", \"content-length\": \"878\", \"content-type\": \"application/json; charset=utf-8\", \"date\": \"Tue, 14 Jul 2026 07:39:41 GMT\", \"etag\": \"W/\\\"36e-zZHU+MJfU+TvftzmGTYuhb4WOd0\\\"\", \"x-powered-by\": \"Express\"}, \"req\": {\"data\": {\"refreshToken\": \"eyJhbGciOiJIUzI1NiIsInR5cCI6IkpXVCJ9.eyJpZCI6IjZhNTVlN2JkMjg4NDZmYzQyMjYwODEwMSIsInJvbGUiOiJ1c2VyIiwiaWF0IjoxNzg0MDE0NzgxLCJleHAiOjE3ODQ2MTk1ODF9.Lgwm3V9bFECFwwTE92-ApgeUwhlbYFEGb3ZRhcW8EEI\"}, \"headers\": {\"content-type\": \"application/json\"}, \"method\": \"POST\", \"url\": \"http://127.0.0.1:65265/api/v1/user/auth/refresh-token\"}, \"status\": 200, \"text\": \"{\\\"message\\\":\\\"Token refreshed successfully\\\",\\\"accessToken\\\":\\\"eyJhbGciOiJIUzI1NiIsInR5cCI6IkpXVCJ9.eyJpZCI6IjZhNTVlN2JkMjg4NDZmYzQyMjYwODEwMSIsInJvbGUiOiJ1c2VyIiwiaWF0IjoxNzg0MDE0NzgxLCJleHAiOjE3ODQwMTU2ODF9.cnJDat2Pd5EGir_5YCGWCoV5LNHGE9rIx3Z3cOa5ejI\\\",\\\"refreshToken\\\":\\\"eyJhbGciOiJIUzI1NiIsInR5cCI6IkpXVCJ9.eyJpZCI6IjZhNTVlN2JkMjg4NDZmYzQyMjYwODEwMSIsInJvbGUiOiJ1c2VyIiwiaWF0IjoxNzg0MDE0NzgxLCJleHAiOjE3ODQ2MTk1ODF9.Lgwm3V9bFECFwwTE92-ApgeUwhlbYFEGb3ZRhcW8EEI\\\",\\\"token\\\":{\\\"accessToken\\\":\\\"eyJhbGciOiJIUzI1NiIsInR5cCI6IkpXVCJ9.eyJpZCI6IjZhNTVlN2JkMjg4NDZmYzQyMjYwODEwMSIsInJvbGUiOiJ1c2VyIiwiaWF0IjoxNzg0MDE0NzgxLCJleHAiOjE3ODQwMTU2ODF9.cnJDat2Pd5EGir_5YCGWCoV5LNHGE9rIx3Z3cOa5ejI\\\",\\\"refreshToken\\\":\\\"eyJhbGciOiJIUzI1NiIsInR5cCI6IkpXVCJ9.eyJpZCI6IjZhNTVlN2JkMjg4NDZmYzQyMjYwODEwMSIsInJvbGUiOiJ1c2VyIiwiaWF0IjoxNzg0MDE0NzgxLCJleHAiOjE3ODQ2MTk1ODF9.Lgwm3V9bFECFwwTE92-ApgeUwhlbYFEGb3ZRhcW8EEI\\\"}}\"}]\n    at Object.<anonymous> (D:\\GameENGINE\\backend\\tests\\api.test.js:252:69)\n    at processTicksAndRejections (node:internal/process/task_queues:105:5)"],"fullName":"refresh and logout allows only one simultaneous refresh request","invocations":1,"location":null,"numPassingAsserts":0,"retryReasons":[],"startAt":1784014781710,"status":"failed","title":"allows only one simultaneous refresh request"},{"ancestorTitles":["refresh and logout"],"duration":159,"failing":false,"failureDetails":[{"matcherResult":{"actual":200,"expected":401,"message":"expect(received).toBe(expected) // Object.is equality\n\nExpected: 401\nReceived: 200","name":"toBe","pass":false}}],"failureMessages":["Error: expect(received).toBe(expected) // Object.is equality\n\nExpected: 401\nReceived: 200\n    at Object.<anonymous> (D:\\GameENGINE\\backend\\tests\\api.test.js:260:117)\n    at processTicksAndRejections (node:internal/process/task_queues:105:5)"],"fullName":"refresh and logout logout revokes the current access token","invocations":1,"location":null,"numPassingAsserts":1,"retryReasons":[],"startAt":1784014781970,"status":"failed","title":"logout revokes the current access token"},{"ancestorTitles":["forgot and reset password"],"duration":56,"failing":false,"failureDetails":[],"failureMessages":[],"fullName":"forgot and reset password rejects missing forgot-password email","invocations":1,"location":null,"numPassingAsserts":1,"retryReasons":[],"startAt":1784014782130,"status":"passed","title":"rejects missing forgot-password email"},{"ancestorTitles":["forgot and reset password"],"duration":49,"failing":false,"failureDetails":[],"failureMessages":[],"fullName":"forgot and reset password rejects unknown forgot-password email","invocations":1,"location":null,"numPassingAsserts":1,"retryReasons":[],"startAt":1784014782187,"status":"passed","title":"rejects unknown forgot-password email"},{"ancestorTitles":["forgot and reset password"],"duration":214,"failing":false,"failureDetails":[],"failureMessages":[],"fullName":"forgot and reset password stores only a hashed, expiring password reset token","invocations":1,"location":null,"numPassingAsserts":5,"retryReasons":[],"startAt":1784014782236,"status":"passed","title":"stores only a hashed, expiring password reset token"},{"ancestorTitles":["forgot and reset password"],"duration":66,"failing":false,"failureDetails":[],"failureMessages":[],"fullName":"forgot and reset password rejects empty reset-password payload","invocations":1,"location":null,"numPassingAsserts":1,"retryReasons":[],"startAt":1784014782451,"status":"passed","title":"rejects empty reset-password payload"},{"ancestorTitles":["forgot and reset password"],"duration":367,"failing":false,"failureDetails":[],"failureMessages":[],"fullName":"forgot and reset password rejects invalid reset token","invocations":1,"location":null,"numPassingAsserts":1,"retryReasons":[],"startAt":1784014782518,"status":"passed","title":"rejects invalid reset token"},{"ancestorTitles":["forgot and reset password"],"duration":590,"failing":false,"failureDetails":[],"failureMessages":[],"fullName":"forgot and reset password resets password once","invocations":1,"location":null,"numPassingAsserts":2,"retryReasons":[],"startAt":1784014782886,"status":"passed","title":"resets password once"},{"ancestorTitles":["forgot and reset password"],"duration":305,"failing":false,"failureDetails":[],"failureMessages":[],"fullName":"forgot and reset password rejects an expired password reset token","invocations":1,"location":null,"numPassingAsserts":1,"retryReasons":[],"startAt":1784014783476,"status":"passed","title":"rejects an expired password reset token"},{"ancestorTitles":["admin authorization"],"duration":35,"failing":false,"failureDetails":[],"failureMessages":[],"fullName":"admin authorization rejects missing admin token","invocations":1,"location":null,"numPassingAsserts":1,"retryReasons":[],"startAt":1784014783782,"status":"passed","title":"rejects missing admin token"},{"ancestorTitles":["admin authorization"],"duration":472,"failing":false,"failureDetails":[],"failureMessages":[],"fullName":"admin authorization rejects normal user on admin API","invocations":1,"location":null,"numPassingAsserts":1,"retryReasons":[],"startAt":1784014783817,"status":"passed","title":"rejects normal user on admin API"},{"ancestorTitles":["admin authorization"],"duration":1128,"failing":false,"failureDetails":[],"failureMessages":[],"fullName":"admin authorization allows active admin","invocations":1,"location":null,"numPassingAsserts":1,"retryReasons":[],"startAt":1784014784290,"status":"passed","title":"allows active admin"},{"ancestorTitles":["admin authorization"],"duration":247,"failing":false,"failureDetails":[{"matcherResult":{"actual":403,"expected":200,"message":"expect(received).toBe(expected) // Object.is equality\n\nExpected: 200\nReceived: 403","name":"toBe","pass":false}}],"failureMessages":["Error: expect(received).toBe(expected) // Object.is equality\n\nExpected: 200\nReceived: 403\n    at Object.<anonymous> (D:\\GameENGINE\\backend\\tests\\api.test.js:328:121)\n    at processTicksAndRejections (node:internal/process/task_queues:105:5)"],"fullName":"admin authorization allows superAdmin on admin API","invocations":1,"location":null,"numPassingAsserts":0,"retryReasons":[],"startAt":1784014785418,"status":"failed","title":"allows superAdmin on admin API"},{"ancestorTitles":["admin authorization"],"duration":125,"failing":false,"failureDetails":[],"failureMessages":[],"fullName":"admin authorization rejects blocked admin","invocations":1,"location":null,"numPassingAsserts":1,"retryReasons":[],"startAt":1784014785665,"status":"passed","title":"rejects blocked admin"},{"ancestorTitles":["categories and products"],"duration":35,"failing":false,"failureDetails":[],"failureMessages":[],"fullName":"categories and products lists categories publicly","invocations":1,"location":null,"numPassingAsserts":2,"retryReasons":[],"startAt":1784014785791,"status":"passed","title":"lists categories publicly"},{"ancestorTitles":["categories and products"],"duration":129,"failing":false,"failureDetails":[],"failureMessages":[],"fullName":"categories and products rejects category creation by normal user","invocations":1,"location":null,"numPassingAsserts":1,"retryReasons":[],"startAt":1784014785827,"status":"passed","title":"rejects category creation by normal user"},{"ancestorTitles":["categories and products"],"duration":151,"failing":false,"failureDetails":[],"failureMessages":[],"fullName":"categories and products rejects category missing fields","invocations":1,"location":null,"numPassingAsserts":1,"retryReasons":[],"startAt":1784014785957,"status":"passed","title":"rejects category missing fields"},{"ancestorTitles":["categories and products"],"duration":6794,"failing":false,"failureDetails":[],"failureMessages":[],"fullName":"categories and products creates a category with image","invocations":1,"location":null,"numPassingAsserts":1,"retryReasons":[],"startAt":1784014786108,"status":"passed","title":"creates a category with image"},{"ancestorTitles":["categories and products"],"duration":411,"failing":false,"failureDetails":[{"matcherResult":{"actual":500,"expected":400,"message":"expect(received).toBe(expected) // Object.is equality\n\nExpected: 400\nReceived: 500","name":"toBe","pass":false}}],"failureMessages":["Error: expect(received).toBe(expected) // Object.is equality\n\nExpected: 400\nReceived: 500\n    at Object.<anonymous> (D:\\GameENGINE\\backend\\tests\\api.test.js:364:29)\n    at processTicksAndRejections (node:internal/process/task_queues:105:5)"],"fullName":"categories and products rejects invalid category file type with 400","invocations":1,"location":null,"numPassingAsserts":0,"retryReasons":[],"startAt":1784014792903,"status":"failed","title":"rejects invalid category file type with 400"},{"ancestorTitles":["categories and products"],"duration":394,"failing":false,"failureDetails":[{"matcherResult":{"actual":500,"expected":413,"message":"expect(received).toBe(expected) // Object.is equality\n\nExpected: 413\nReceived: 500","name":"toBe","pass":false}}],"failureMessages":["Error: expect(received).toBe(expected) // Object.is equality\n\nExpected: 413\nReceived: 500\n    at Object.<anonymous> (D:\\GameENGINE\\backend\\tests\\api.test.js:370:29)\n    at processTicksAndRejections (node:internal/process/task_queues:105:5)"],"fullName":"categories and products rejects oversized category upload with 413","invocations":1,"location":null,"numPassingAsserts":0,"retryReasons":[],"startAt":1784014793314,"status":"failed","title":"rejects oversized category upload with 413"},{"ancestorTitles":["categories and products"],"duration":100,"failing":false,"failureDetails":[],"failureMessages":[],"fullName":"categories and products lists and fetches products","invocations":1,"location":null,"numPassingAsserts":2,"retryReasons":[],"startAt":1784014793709,"status":"passed","title":"lists and fetches products"},{"ancestorTitles":["categories and products"],"duration":54,"failing":false,"failureDetails":[{"matcherResult":{"actual":500,"expected":400,"message":"expect(received).toBe(expected) // Object.is equality\n\nExpected: 400\nReceived: 500","name":"toBe","pass":false}}],"failureMessages":["Error: expect(received).toBe(expected) // Object.is equality\n\nExpected: 400\nReceived: 500\n    at Object.<anonymous> (D:\\GameENGINE\\backend\\tests\\api.test.js:381:91)\n    at processTicksAndRejections (node:internal/process/task_queues:105:5)"],"fullName":"categories and products returns 400 for invalid product ObjectId","invocations":1,"location":null,"numPassingAsserts":0,"retryReasons":[],"startAt":1784014793809,"status":"failed","title":"returns 400 for invalid product ObjectId"},{"ancestorTitles":["categories and products"],"duration":41,"failing":false,"failureDetails":[{"matcherResult":{"actual":400,"expected":404,"message":"expect(received).toBe(expected) // Object.is equality\n\nExpected: 404\nReceived: 400","name":"toBe","pass":false}}],"failureMessages":["Error: expect(received).toBe(expected) // Object.is equality\n\nExpected: 404\nReceived: 400\n    at Object.<anonymous> (D:\\GameENGINE\\backend\\tests\\api.test.js:385:114)\n    at processTicksAndRejections (node:internal/process/task_queues:105:5)"],"fullName":"categories and products returns 404 for missing product","invocations":1,"location":null,"numPassingAsserts":0,"retryReasons":[],"startAt":1784014793864,"status":"failed","title":"returns 404 for missing product"},{"ancestorTitles":["cart"],"duration":36,"failing":false,"failureDetails":[],"failureMessages":[],"fullName":"cart requires authentication","invocations":1,"location":null,"numPassingAsserts":1,"retryReasons":[],"startAt":1784014793906,"status":"passed","title":"requires authentication"},{"ancestorTitles":["cart"],"duration":169,"failing":false,"failureDetails":[],"failureMessages":[],"fullName":"cart rejects empty add payload","invocations":1,"location":null,"numPassingAsserts":1,"retryReasons":[],"startAt":1784014793942,"status":"passed","title":"rejects empty add payload"},{"ancestorTitles":["cart"],"duration":137,"failing":false,"failureDetails":[],"failureMessages":[],"fullName":"cart rejects invalid product ObjectId","invocations":1,"location":null,"numPassingAsserts":1,"retryReasons":[],"startAt":1784014794112,"status":"passed","title":"rejects invalid product ObjectId"},{"ancestorTitles":["cart"],"duration":249,"failing":false,"failureDetails":[],"failureMessages":[],"fullName":"cart adds and retrieves a product","invocations":1,"location":null,"numPassingAsserts":3,"retryReasons":[],"startAt":1784014794250,"status":"passed","title":"adds and retrieves a product"},{"ancestorTitles":["banners"],"duration":47,"failing":false,"failureDetails":[],"failureMessages":[],"fullName":"banners lists active banners publicly","invocations":1,"location":null,"numPassingAsserts":2,"retryReasons":[],"startAt":1784014794499,"status":"passed","title":"lists active banners publicly"},{"ancestorTitles":["banners"],"duration":42,"failing":false,"failureDetails":[],"failureMessages":[],"fullName":"banners returns 404 for missing banner","invocations":1,"location":null,"numPassingAsserts":1,"retryReasons":[],"startAt":1784014794546,"status":"passed","title":"returns 404 for missing banner"},{"ancestorTitles":["banners"],"duration":66,"failing":false,"failureDetails":[],"failureMessages":[],"fullName":"banners requires admin for banner creation","invocations":1,"location":null,"numPassingAsserts":1,"retryReasons":[],"startAt":1784014794589,"status":"passed","title":"requires admin for banner creation"},{"ancestorTitles":["banners"],"duration":247,"failing":false,"failureDetails":[],"failureMessages":[],"fullName":"banners creates banner with valid image","invocations":1,"location":null,"numPassingAsserts":1,"retryReasons":[],"startAt":1784014794656,"status":"passed","title":"creates banner with valid image"},{"ancestorTitles":["orders and checkout"],"duration":28,"failing":false,"failureDetails":[],"failureMessages":[],"fullName":"orders and checkout requires authentication","invocations":1,"location":null,"numPassingAsserts":1,"retryReasons":[],"startAt":1784014794904,"status":"passed","title":"requires authentication"},{"ancestorTitles":["orders and checkout"],"duration":133,"failing":false,"failureDetails":[],"failureMessages":[],"fullName":"orders and checkout rejects empty order","invocations":1,"location":null,"numPassingAsserts":1,"retryReasons":[],"startAt":1784014794932,"status":"passed","title":"rejects empty order"},{"ancestorTitles":["orders and checkout"],"duration":166,"failing":false,"failureDetails":[],"failureMessages":[],"fullName":"orders and checkout rejects invalid product id","invocations":1,"location":null,"numPassingAsserts":1,"retryReasons":[],"startAt":1784014795065,"status":"passed","title":"rejects invalid product id"},{"ancestorTitles":["orders and checkout"],"duration":161,"failing":false,"failureDetails":[],"failureMessages":[],"fullName":"orders and checkout places COD order and decrements stock","invocations":1,"location":null,"numPassingAsserts":2,"retryReasons":[],"startAt":1784014795232,"status":"passed","title":"places COD order and decrements stock"},{"ancestorTitles":["orders and checkout"],"duration":177,"failing":false,"failureDetails":[{"matcherResult":{"actual":500,"expected":400,"message":"expect(received).toBe(expected) // Object.is equality\n\nExpected: 400\nReceived: 500","name":"toBe","pass":false}}],"failureMessages":["Error: expect(received).toBe(expected) // Object.is equality\n\nExpected: 400\nReceived: 500\n    at Object.<anonymous> (D:\\GameENGINE\\backend\\tests\\api.test.js:467:126)\n    at processTicksAndRejections (node:internal/process/task_queues:105:5)"],"fullName":"orders and checkout returns 400 for invalid order ObjectId","invocations":1,"location":null,"numPassingAsserts":0,"retryReasons":[],"startAt":1784014795393,"status":"failed","title":"returns 400 for invalid order ObjectId"},{"ancestorTitles":["orders and checkout"],"duration":184,"failing":false,"failureDetails":[],"failureMessages":[],"fullName":"orders and checkout admin lists orders","invocations":1,"location":null,"numPassingAsserts":1,"retryReasons":[],"startAt":1784014795572,"status":"passed","title":"admin lists orders"},{"ancestorTitles":["query validation and external integrations"],"duration":214,"failing":false,"failureDetails":[{"matcherResult":{"actual":200,"expected":400,"message":"expect(received).toBe(expected) // Object.is equality\n\nExpected: 400\nReceived: 200","name":"toBe","pass":false}}],"failureMessages":["Error: expect(received).toBe(expected) // Object.is equality\n\nExpected: 400\nReceived: 200\n    at Object.<anonymous> (D:\\GameENGINE\\backend\\tests\\api.test.js:480:29)\n    at processTicksAndRejections (node:internal/process/task_queues:105:5)"],"fullName":"query validation and external integrations rejects invalid login-activity pagination","invocations":1,"location":null,"numPassingAsserts":0,"retryReasons":[],"startAt":1784014795757,"status":"failed","title":"rejects invalid login-activity pagination"},{"ancestorTitles":["query validation and external integrations"],"duration":null,"failing":false,"failureDetails":[],"failureMessages":[],"fullName":"query validation and external integrations performs real Razorpay checkout","invocations":1,"location":null,"numPassingAsserts":0,"retryReasons":[],"startAt":1784014795971,"status":"pending","title":"performs real Razorpay checkout"},{"ancestorTitles":["query validation and external integrations"],"duration":null,"failing":false,"failureDetails":[],"failureMessages":[],"fullName":"query validation and external integrations uploads and deletes a real S3 object","invocations":1,"location":null,"numPassingAsserts":0,"retryReasons":[],"startAt":1784014795972,"status":"pending","title":"uploads and deletes a real S3 object"},{"ancestorTitles":["query validation and external integrations"],"duration":null,"failing":false,"failureDetails":[],"failureMessages":[],"fullName":"query validation and external integrations uploads and deletes a real Cloudinary asset","invocations":1,"location":null,"numPassingAsserts":0,"retryReasons":[],"startAt":1784014795972,"status":"pending","title":"uploads and deletes a real Cloudinary asset"},{"ancestorTitles":["query validation and external integrations"],"duration":null,"failing":false,"failureDetails":[],"failureMessages":[],"fullName":"query validation and external integrations sends real verification and reset emails","invocations":1,"location":null,"numPassingAsserts":0,"retryReasons":[],"startAt":1784014795972,"status":"pending","title":"sends real verification and reset emails"}],"endTime":1784014796606,"message":"  ● login and access-token authentication › does not log bearer tokens\n\n    expect(received).not.toContain(expected) // indexOf\n\n    Expected substring: not \"eyJhbGciOiJIUzI1NiIsInR5cCI6IkpXVCJ9.eyJpZCI6IjZhNTVlN2JjMjg4NDZmYzQyMjYwODBmZCIsInJvbGUiOiJ1c2VyIiwiaWF0IjoxNzg0MDE0NzgwLCJleHAiOjE3ODQwMTU2ODB9.3cvc_ZCU9HQxrfW7ihoIKpd29fgNv1jjZigyorcC_Yk\"\n    Received string:        \"[[{\\\"host\\\":\\\"127.0.0.1:65236\\\",\\\"accept-encoding\\\":\\\"gzip, deflate\\\",\\\"authorization\\\":\\\"Bearer eyJhbGciOiJIUzI1NiIsInR5cCI6IkpXVCJ9.eyJpZCI6IjZhNTVlN2JjMjg4NDZmYzQyMjYwODBmZCIsInJvbGUiOiJ1c2VyIiwiaWF0IjoxNzg0MDE0NzgwLCJleHAiOjE3ODQwMTU2ODB9.3cvc_ZCU9HQxrfW7ihoIKpd29fgNv1jjZigyorcC_Yk\\\",\\\"connection\\\":\\\"close\\\"}],[\\\"Bearer eyJhbGciOiJIUzI1NiIsInR5cCI6IkpXVCJ9.eyJpZCI6IjZhNTVlN2JjMjg4NDZmYzQyMjYwODBmZCIsInJvbGUiOiJ1c2VyIiwiaWF0IjoxNzg0MDE0NzgwLCJleHAiOjE3ODQwMTU2ODB9.3cvc_ZCU9HQxrfW7ihoIKpd29fgNv1jjZigyorcC_Yk\\\"]]\"\n\n    \u001b[0m \u001b[90m 214 |\u001b[39m     \u001b[36mconst\u001b[39m serialized \u001b[33m=\u001b[39m \u001b[33mJSON\u001b[39m\u001b[33m.\u001b[39mstringify(spy\u001b[33m.\u001b[39mmock\u001b[33m.\u001b[39mcalls)\u001b[33m;\u001b[39m\n     \u001b[90m 215 |\u001b[39m     spy\u001b[33m.\u001b[39mmockRestore()\u001b[33m;\u001b[39m\n    \u001b[31m\u001b[1m>\u001b[22m\u001b[39m\u001b[90m 216 |\u001b[39m     expect(serialized)\u001b[33m.\u001b[39mnot\u001b[33m.\u001b[39mtoContain(token)\u001b[33m;\u001b[39m\n     \u001b[90m     |\u001b[39m                            \u001b[31m\u001b[1m^\u001b[22m\u001b[39m\n     \u001b[90m 217 |\u001b[39m   })\u001b[33m;\u001b[39m\n     \u001b[90m 218 |\u001b[39m })\u001b[33m;\u001b[39m\n     \u001b[90m 219 |\u001b[39m\u001b[0m\n\n      at Object.<anonymous> (tests/api.test.js:216:28)\n\n  ● refresh and logout › rotates and revokes the previous refresh token\n\n    expect(received).toBe(expected) // Object.is equality\n\n    Expected: 401\n    Received: 200\n\n    \u001b[0m \u001b[90m 243 |\u001b[39m     \u001b[36mconst\u001b[39m oldToken \u001b[33m=\u001b[39m refreshToken(user)\u001b[33m;\u001b[39m\n     \u001b[90m 244 |\u001b[39m     expect((\u001b[36mawait\u001b[39m request(app)\u001b[33m.\u001b[39mpost(\u001b[32m\"/api/v1/user/auth/refresh-token\"\u001b[39m)\u001b[33m.\u001b[39msend({ refreshToken\u001b[33m:\u001b[39m oldToken }))\u001b[33m.\u001b[39mstatus)\u001b[33m.\u001b[39mtoBe(\u001b[35m200\u001b[39m)\u001b[33m;\u001b[39m\n    \u001b[31m\u001b[1m>\u001b[22m\u001b[39m\u001b[90m 245 |\u001b[39m     expect((\u001b[36mawait\u001b[39m request(app)\u001b[33m.\u001b[39mpost(\u001b[32m\"/api/v1/user/auth/refresh-token\"\u001b[39m)\u001b[33m.\u001b[39msend({ refreshToken\u001b[33m:\u001b[39m oldToken }))\u001b[33m.\u001b[39mstatus)\u001b[33m.\u001b[39mtoBe(\u001b[35m401\u001b[39m)\u001b[33m;\u001b[39m\n     \u001b[90m     |\u001b[39m                                                                                                                  \u001b[31m\u001b[1m^\u001b[22m\u001b[39m\n     \u001b[90m 246 |\u001b[39m   })\u001b[33m;\u001b[39m\n     \u001b[90m 247 |\u001b[39m\n     \u001b[90m 248 |\u001b[39m   test(\u001b[32m\"allows only one simultaneous refresh request\"\u001b[39m\u001b[33m,\u001b[39m \u001b[36masync\u001b[39m () \u001b[33m=>\u001b[39m {\u001b[0m\n\n      at Object.<anonymous> (tests/api.test.js:245:114)\n\n  ● refresh and logout › allows only one simultaneous refresh request\n\n    expect(received).toHaveLength(expected)\n\n    Expected length: 1\n    Received length: 5\n    Received array:  [{\"header\": {\"access-control-allow-origin\": \"*\", \"connection\": \"close\", \"content-length\": \"878\", \"content-type\": \"application/json; charset=utf-8\", \"date\": \"Tue, 14 Jul 2026 07:39:41 GMT\", \"etag\": \"W/\\\"36e-zZHU+MJfU+TvftzmGTYuhb4WOd0\\\"\", \"x-powered-by\": \"Express\"}, \"req\": {\"data\": {\"refreshToken\": \"eyJhbGciOiJIUzI1NiIsInR5cCI6IkpXVCJ9.eyJpZCI6IjZhNTVlN2JkMjg4NDZmYzQyMjYwODEwMSIsInJvbGUiOiJ1c2VyIiwiaWF0IjoxNzg0MDE0NzgxLCJleHAiOjE3ODQ2MTk1ODF9.Lgwm3V9bFECFwwTE92-ApgeUwhlbYFEGb3ZRhcW8EEI\"}, \"headers\": {\"content-type\": \"application/json\"}, \"method\": \"POST\", \"url\": \"http://127.0.0.1:65261/api/v1/user/auth/refresh-token\"}, \"status\": 200, \"text\": \"{\\\"message\\\":\\\"Token refreshed successfully\\\",\\\"accessToken\\\":\\\"eyJhbGciOiJIUzI1NiIsInR5cCI6IkpXVCJ9.eyJpZCI6IjZhNTVlN2JkMjg4NDZmYzQyMjYwODEwMSIsInJvbGUiOiJ1c2VyIiwiaWF0IjoxNzg0MDE0NzgxLCJleHAiOjE3ODQwMTU2ODF9.cnJDat2Pd5EGir_5YCGWCoV5LNHGE9rIx3Z3cOa5ejI\\\",\\\"refreshToken\\\":\\\"eyJhbGciOiJIUzI1NiIsInR5cCI6IkpXVCJ9.eyJpZCI6IjZhNTVlN2JkMjg4NDZmYzQyMjYwODEwMSIsInJvbGUiOiJ1c2VyIiwiaWF0IjoxNzg0MDE0NzgxLCJleHAiOjE3ODQ2MTk1ODF9.Lgwm3V9bFECFwwTE92-ApgeUwhlbYFEGb3ZRhcW8EEI\\\",\\\"token\\\":{\\\"accessToken\\\":\\\"eyJhbGciOiJIUzI1NiIsInR5cCI6IkpXVCJ9.eyJpZCI6IjZhNTVlN2JkMjg4NDZmYzQyMjYwODEwMSIsInJvbGUiOiJ1c2VyIiwiaWF0IjoxNzg0MDE0NzgxLCJleHAiOjE3ODQwMTU2ODF9.cnJDat2Pd5EGir_5YCGWCoV5LNHGE9rIx3Z3cOa5ejI\\\",\\\"refreshToken\\\":\\\"eyJhbGciOiJIUzI1NiIsInR5cCI6IkpXVCJ9.eyJpZCI6IjZhNTVlN2JkMjg4NDZmYzQyMjYwODEwMSIsInJvbGUiOiJ1c2VyIiwiaWF0IjoxNzg0MDE0NzgxLCJleHAiOjE3ODQ2MTk1ODF9.Lgwm3V9bFECFwwTE92-ApgeUwhlbYFEGb3ZRhcW8EEI\\\"}}\"}, {\"header\": {\"access-control-allow-origin\": \"*\", \"connection\": \"close\", \"content-length\": \"878\", \"content-type\": \"application/json; charset=utf-8\", \"date\": \"Tue, 14 Jul 2026 07:39:41 GMT\", \"etag\": \"W/\\\"36e-zZHU+MJfU+TvftzmGTYuhb4WOd0\\\"\", \"x-powered-by\": \"Express\"}, \"req\": {\"data\": {\"refreshToken\": \"eyJhbGciOiJIUzI1NiIsInR5cCI6IkpXVCJ9.eyJpZCI6IjZhNTVlN2JkMjg4NDZmYzQyMjYwODEwMSIsInJvbGUiOiJ1c2VyIiwiaWF0IjoxNzg0MDE0NzgxLCJleHAiOjE3ODQ2MTk1ODF9.Lgwm3V9bFECFwwTE92-ApgeUwhlbYFEGb3ZRhcW8EEI\"}, \"headers\": {\"content-type\": \"application/json\"}, \"method\": \"POST\", \"url\": \"http://127.0.0.1:65262/api/v1/user/auth/refresh-token\"}, \"status\": 200, \"text\": \"{\\\"message\\\":\\\"Token refreshed successfully\\\",\\\"accessToken\\\":\\\"eyJhbGciOiJIUzI1NiIsInR5cCI6IkpXVCJ9.eyJpZCI6IjZhNTVlN2JkMjg4NDZmYzQyMjYwODEwMSIsInJvbGUiOiJ1c2VyIiwiaWF0IjoxNzg0MDE0NzgxLCJleHAiOjE3ODQwMTU2ODF9.cnJDat2Pd5EGir_5YCGWCoV5LNHGE9rIx3Z3cOa5ejI\\\",\\\"refreshToken\\\":\\\"eyJhbGciOiJIUzI1NiIsInR5cCI6IkpXVCJ9.eyJpZCI6IjZhNTVlN2JkMjg4NDZmYzQyMjYwODEwMSIsInJvbGUiOiJ1c2VyIiwiaWF0IjoxNzg0MDE0NzgxLCJleHAiOjE3ODQ2MTk1ODF9.Lgwm3V9bFECFwwTE92-ApgeUwhlbYFEGb3ZRhcW8EEI\\\",\\\"token\\\":{\\\"accessToken\\\":\\\"eyJhbGciOiJIUzI1NiIsInR5cCI6IkpXVCJ9.eyJpZCI6IjZhNTVlN2JkMjg4NDZmYzQyMjYwODEwMSIsInJvbGUiOiJ1c2VyIiwiaWF0IjoxNzg0MDE0NzgxLCJleHAiOjE3ODQwMTU2ODF9.cnJDat2Pd5EGir_5YCGWCoV5LNHGE9rIx3Z3cOa5ejI\\\",\\\"refreshToken\\\":\\\"eyJhbGciOiJIUzI1NiIsInR5cCI6IkpXVCJ9.eyJpZCI6IjZhNTVlN2JkMjg4NDZmYzQyMjYwODEwMSIsInJvbGUiOiJ1c2VyIiwiaWF0IjoxNzg0MDE0NzgxLCJleHAiOjE3ODQ2MTk1ODF9.Lgwm3V9bFECFwwTE92-ApgeUwhlbYFEGb3ZRhcW8EEI\\\"}}\"}, {\"header\": {\"access-control-allow-origin\": \"*\", \"connection\": \"close\", \"content-length\": \"878\", \"content-type\": \"application/json; charset=utf-8\", \"date\": \"Tue, 14 Jul 2026 07:39:41 GMT\", \"etag\": \"W/\\\"36e-zZHU+MJfU+TvftzmGTYuhb4WOd0\\\"\", \"x-powered-by\": \"Express\"}, \"req\": {\"data\": {\"refreshToken\": \"eyJhbGciOiJIUzI1NiIsInR5cCI6IkpXVCJ9.eyJpZCI6IjZhNTVlN2JkMjg4NDZmYzQyMjYwODEwMSIsInJvbGUiOiJ1c2VyIiwiaWF0IjoxNzg0MDE0NzgxLCJleHAiOjE3ODQ2MTk1ODF9.Lgwm3V9bFECFwwTE92-ApgeUwhlbYFEGb3ZRhcW8EEI\"}, \"headers\": {\"content-type\": \"application/json\"}, \"method\": \"POST\", \"url\": \"http://127.0.0.1:65263/api/v1/user/auth/refresh-token\"}, \"status\": 200, \"text\": \"{\\\"message\\\":\\\"Token refreshed successfully\\\",\\\"accessToken\\\":\\\"eyJhbGciOiJIUzI1NiIsInR5cCI6IkpXVCJ9.eyJpZCI6IjZhNTVlN2JkMjg4NDZmYzQyMjYwODEwMSIsInJvbGUiOiJ1c2VyIiwiaWF0IjoxNzg0MDE0NzgxLCJleHAiOjE3ODQwMTU2ODF9.cnJDat2Pd5EGir_5YCGWCoV5LNHGE9rIx3Z3cOa5ejI\\\",\\\"refreshToken\\\":\\\"eyJhbGciOiJIUzI1NiIsInR5cCI6IkpXVCJ9.eyJpZCI6IjZhNTVlN2JkMjg4NDZmYzQyMjYwODEwMSIsInJvbGUiOiJ1c2VyIiwiaWF0IjoxNzg0MDE0NzgxLCJleHAiOjE3ODQ2MTk1ODF9.Lgwm3V9bFECFwwTE92-ApgeUwhlbYFEGb3ZRhcW8EEI\\\",\\\"token\\\":{\\\"accessToken\\\":\\\"eyJhbGciOiJIUzI1NiIsInR5cCI6IkpXVCJ9.eyJpZCI6IjZhNTVlN2JkMjg4NDZmYzQyMjYwODEwMSIsInJvbGUiOiJ1c2VyIiwiaWF0IjoxNzg0MDE0NzgxLCJleHAiOjE3ODQwMTU2ODF9.cnJDat2Pd5EGir_5YCGWCoV5LNHGE9rIx3Z3cOa5ejI\\\",\\\"refreshToken\\\":\\\"eyJhbGciOiJIUzI1NiIsInR5cCI6IkpXVCJ9.eyJpZCI6IjZhNTVlN2JkMjg4NDZmYzQyMjYwODEwMSIsInJvbGUiOiJ1c2VyIiwiaWF0IjoxNzg0MDE0NzgxLCJleHAiOjE3ODQ2MTk1ODF9.Lgwm3V9bFECFwwTE92-ApgeUwhlbYFEGb3ZRhcW8EEI\\\"}}\"}, {\"header\": {\"access-control-allow-origin\": \"*\", \"connection\": \"close\", \"content-length\": \"878\", \"content-type\": \"application/json; charset=utf-8\", \"date\": \"Tue, 14 Jul 2026 07:39:41 GMT\", \"etag\": \"W/\\\"36e-zZHU+MJfU+TvftzmGTYuhb4WOd0\\\"\", \"x-powered-by\": \"Express\"}, \"req\": {\"data\": {\"refreshToken\": \"eyJhbGciOiJIUzI1NiIsInR5cCI6IkpXVCJ9.eyJpZCI6IjZhNTVlN2JkMjg4NDZmYzQyMjYwODEwMSIsInJvbGUiOiJ1c2VyIiwiaWF0IjoxNzg0MDE0NzgxLCJleHAiOjE3ODQ2MTk1ODF9.Lgwm3V9bFECFwwTE92-ApgeUwhlbYFEGb3ZRhcW8EEI\"}, \"headers\": {\"content-type\": \"application/json\"}, \"method\": \"POST\", \"url\": \"http://127.0.0.1:65264/api/v1/user/auth/refresh-token\"}, \"status\": 200, \"text\": \"{\\\"message\\\":\\\"Token refreshed successfully\\\",\\\"accessToken\\\":\\\"eyJhbGciOiJIUzI1NiIsInR5cCI6IkpXVCJ9.eyJpZCI6IjZhNTVlN2JkMjg4NDZmYzQyMjYwODEwMSIsInJvbGUiOiJ1c2VyIiwiaWF0IjoxNzg0MDE0NzgxLCJleHAiOjE3ODQwMTU2ODF9.cnJDat2Pd5EGir_5YCGWCoV5LNHGE9rIx3Z3cOa5ejI\\\",\\\"refreshToken\\\":\\\"eyJhbGciOiJIUzI1NiIsInR5cCI6IkpXVCJ9.eyJpZCI6IjZhNTVlN2JkMjg4NDZmYzQyMjYwODEwMSIsInJvbGUiOiJ1c2VyIiwiaWF0IjoxNzg0MDE0NzgxLCJleHAiOjE3ODQ2MTk1ODF9.Lgwm3V9bFECFwwTE92-ApgeUwhlbYFEGb3ZRhcW8EEI\\\",\\\"token\\\":{\\\"accessToken\\\":\\\"eyJhbGciOiJIUzI1NiIsInR5cCI6IkpXVCJ9.eyJpZCI6IjZhNTVlN2JkMjg4NDZmYzQyMjYwODEwMSIsInJvbGUiOiJ1c2VyIiwiaWF0IjoxNzg0MDE0NzgxLCJleHAiOjE3ODQwMTU2ODF9.cnJDat2Pd5EGir_5YCGWCoV5LNHGE9rIx3Z3cOa5ejI\\\",\\\"refreshToken\\\":\\\"eyJhbGciOiJIUzI1NiIsInR5cCI6IkpXVCJ9.eyJpZCI6IjZhNTVlN2JkMjg4NDZmYzQyMjYwODEwMSIsInJvbGUiOiJ1c2VyIiwiaWF0IjoxNzg0MDE0NzgxLCJleHAiOjE3ODQ2MTk1ODF9.Lgwm3V9bFECFwwTE92-ApgeUwhlbYFEGb3ZRhcW8EEI\\\"}}\"}, {\"header\": {\"access-control-allow-origin\": \"*\", \"connection\": \"close\", \"content-length\": \"878\", \"content-type\": \"application/json; charset=utf-8\", \"date\": \"Tue, 14 Jul 2026 07:39:41 GMT\", \"etag\": \"W/\\\"36e-zZHU+MJfU+TvftzmGTYuhb4WOd0\\\"\", \"x-powered-by\": \"Express\"}, \"req\": {\"data\": {\"refreshToken\": \"eyJhbGciOiJIUzI1NiIsInR5cCI6IkpXVCJ9.eyJpZCI6IjZhNTVlN2JkMjg4NDZmYzQyMjYwODEwMSIsInJvbGUiOiJ1c2VyIiwiaWF0IjoxNzg0MDE0NzgxLCJleHAiOjE3ODQ2MTk1ODF9.Lgwm3V9bFECFwwTE92-ApgeUwhlbYFEGb3ZRhcW8EEI\"}, \"headers\": {\"content-type\": \"application/json\"}, \"method\": \"POST\", \"url\": \"http://127.0.0.1:65265/api/v1/user/auth/refresh-token\"}, \"status\": 200, \"text\": \"{\\\"message\\\":\\\"Token refreshed successfully\\\",\\\"accessToken\\\":\\\"eyJhbGciOiJIUzI1NiIsInR5cCI6IkpXVCJ9.eyJpZCI6IjZhNTVlN2JkMjg4NDZmYzQyMjYwODEwMSIsInJvbGUiOiJ1c2VyIiwiaWF0IjoxNzg0MDE0NzgxLCJleHAiOjE3ODQwMTU2ODF9.cnJDat2Pd5EGir_5YCGWCoV5LNHGE9rIx3Z3cOa5ejI\\\",\\\"refreshToken\\\":\\\"eyJhbGciOiJIUzI1NiIsInR5cCI6IkpXVCJ9.eyJpZCI6IjZhNTVlN2JkMjg4NDZmYzQyMjYwODEwMSIsInJvbGUiOiJ1c2VyIiwiaWF0IjoxNzg0MDE0NzgxLCJleHAiOjE3ODQ2MTk1ODF9.Lgwm3V9bFECFwwTE92-ApgeUwhlbYFEGb3ZRhcW8EEI\\\",\\\"token\\\":{\\\"accessToken\\\":\\\"eyJhbGciOiJIUzI1NiIsInR5cCI6IkpXVCJ9.eyJpZCI6IjZhNTVlN2JkMjg4NDZmYzQyMjYwODEwMSIsInJvbGUiOiJ1c2VyIiwiaWF0IjoxNzg0MDE0NzgxLCJleHAiOjE3ODQwMTU2ODF9.cnJDat2Pd5EGir_5YCGWCoV5LNHGE9rIx3Z3cOa5ejI\\\",\\\"refreshToken\\\":\\\"eyJhbGciOiJIUzI1NiIsInR5cCI6IkpXVCJ9.eyJpZCI6IjZhNTVlN2JkMjg4NDZmYzQyMjYwODEwMSIsInJvbGUiOiJ1c2VyIiwiaWF0IjoxNzg0MDE0NzgxLCJleHAiOjE3ODQ2MTk1ODF9.Lgwm3V9bFECFwwTE92-ApgeUwhlbYFEGb3ZRhcW8EEI\\\"}}\"}]\n\n    \u001b[0m \u001b[90m 250 |\u001b[39m     \u001b[36mconst\u001b[39m token \u001b[33m=\u001b[39m refreshToken(user)\u001b[33m;\u001b[39m\n     \u001b[90m 251 |\u001b[39m     \u001b[36mconst\u001b[39m responses \u001b[33m=\u001b[39m \u001b[36mawait\u001b[39m \u001b[33mPromise\u001b[39m\u001b[33m.\u001b[39mall(\u001b[33mArray\u001b[39m\u001b[33m.\u001b[39m\u001b[36mfrom\u001b[39m({ length\u001b[33m:\u001b[39m \u001b[35m5\u001b[39m }\u001b[33m,\u001b[39m () \u001b[33m=>\u001b[39m request(app)\u001b[33m.\u001b[39mpost(\u001b[32m\"/api/v1/user/auth/refresh-token\"\u001b[39m)\u001b[33m.\u001b[39msend({ refreshToken\u001b[33m:\u001b[39m token })))\u001b[33m;\u001b[39m\n    \u001b[31m\u001b[1m>\u001b[22m\u001b[39m\u001b[90m 252 |\u001b[39m     expect(responses\u001b[33m.\u001b[39mfilter((response) \u001b[33m=>\u001b[39m response\u001b[33m.\u001b[39mstatus \u001b[33m===\u001b[39m \u001b[35m200\u001b[39m))\u001b[33m.\u001b[39mtoHaveLength(\u001b[35m1\u001b[39m)\u001b[33m;\u001b[39m\n     \u001b[90m     |\u001b[39m                                                                     \u001b[31m\u001b[1m^\u001b[22m\u001b[39m\n     \u001b[90m 253 |\u001b[39m   })\u001b[33m;\u001b[39m\n     \u001b[90m 254 |\u001b[39m\n     \u001b[90m 255 |\u001b[39m   test(\u001b[32m\"logout revokes the current access token\"\u001b[39m\u001b[33m,\u001b[39m \u001b[36masync\u001b[39m () \u001b[33m=>\u001b[39m {\u001b[0m\n\n      at Object.<anonymous> (tests/api.test.js:252:69)\n\n  ● refresh and logout › logout revokes the current access token\n\n    expect(received).toBe(expected) // Object.is equality\n\n    Expected: 401\n    Received: 200\n\n    \u001b[0m \u001b[90m 258 |\u001b[39m     \u001b[36mconst\u001b[39m logout \u001b[33m=\u001b[39m \u001b[36mawait\u001b[39m request(app)\u001b[33m.\u001b[39mpost(\u001b[32m\"/api/v1/user/auth/logout\"\u001b[39m)\u001b[33m.\u001b[39m\u001b[36mset\u001b[39m(\u001b[32m\"Authorization\"\u001b[39m\u001b[33m,\u001b[39m bearer(token))\u001b[33m.\u001b[39msend({})\u001b[33m;\u001b[39m\n     \u001b[90m 259 |\u001b[39m     expect(logout\u001b[33m.\u001b[39mstatus)\u001b[33m.\u001b[39mtoBe(\u001b[35m200\u001b[39m)\u001b[33m;\u001b[39m\n    \u001b[31m\u001b[1m>\u001b[22m\u001b[39m\u001b[90m 260 |\u001b[39m     expect((\u001b[36mawait\u001b[39m request(app)\u001b[33m.\u001b[39m\u001b[36mget\u001b[39m(\u001b[32m\"/api/v1/user/profile/get-profile\"\u001b[39m)\u001b[33m.\u001b[39m\u001b[36mset\u001b[39m(\u001b[32m\"Authorization\"\u001b[39m\u001b[33m,\u001b[39m bearer(token)))\u001b[33m.\u001b[39mstatus)\u001b[33m.\u001b[39mtoBe(\u001b[35m401\u001b[39m)\u001b[33m;\u001b[39m\n     \u001b[90m     |\u001b[39m                                                                                                                     \u001b[31m\u001b[1m^\u001b[22m\u001b[39m\n     \u001b[90m 261 |\u001b[39m   })\u001b[33m;\u001b[39m\n     \u001b[90m 262 |\u001b[39m })\u001b[33m;\u001b[39m\n     \u001b[90m 263 |\u001b[39m\u001b[0m\n\n      at Object.<anonymous> (tests/api.test.js:260:117)\n\n  ● admin authorization › allows superAdmin on admin API\n\n    expect(received).toBe(expected) // Object.is equality\n\n    Expected: 200\n    Received: 403\n\n    \u001b[0m \u001b[90m 326 |\u001b[39m   test(\u001b[32m\"allows superAdmin on admin API\"\u001b[39m\u001b[33m,\u001b[39m \u001b[36masync\u001b[39m () \u001b[33m=>\u001b[39m {\n     \u001b[90m 327 |\u001b[39m     \u001b[36mconst\u001b[39m admin \u001b[33m=\u001b[39m \u001b[36mawait\u001b[39m createUser({ email\u001b[33m:\u001b[39m \u001b[32m\"super@example.com\"\u001b[39m\u001b[33m,\u001b[39m role\u001b[33m:\u001b[39m \u001b[32m\"superAdmin\"\u001b[39m })\u001b[33m;\u001b[39m\n    \u001b[31m\u001b[1m>\u001b[22m\u001b[39m\u001b[90m 328 |\u001b[39m     expect((\u001b[36mawait\u001b[39m request(app)\u001b[33m.\u001b[39m\u001b[36mget\u001b[39m(\u001b[32m\"/api/v1/admin/dashboard\"\u001b[39m)\u001b[33m.\u001b[39m\u001b[36mset\u001b[39m(\u001b[32m\"Authorization\"\u001b[39m\u001b[33m,\u001b[39m bearer(accessToken(admin))))\u001b[33m.\u001b[39mstatus)\u001b[33m.\u001b[39mtoBe(\u001b[35m200\u001b[39m)\u001b[33m;\u001b[39m\n     \u001b[90m     |\u001b[39m                                                                                                                         \u001b[31m\u001b[1m^\u001b[22m\u001b[39m\n     \u001b[90m 329 |\u001b[39m   })\u001b[33m;\u001b[39m\n     \u001b[90m 330 |\u001b[39m\n     \u001b[90m 331 |\u001b[39m   test(\u001b[32m\"rejects blocked admin\"\u001b[39m\u001b[33m,\u001b[39m \u001b[36masync\u001b[39m () \u001b[33m=>\u001b[39m {\u001b[0m\n\n      at Object.<anonymous> (tests/api.test.js:328:121)\n\n  ● categories and products › rejects invalid category file type with 400\n\n    expect(received).toBe(expected) // Object.is equality\n\n    Expected: 400\n    Received: 500\n\n    \u001b[0m \u001b[90m 362 |\u001b[39m     \u001b[36mconst\u001b[39m admin \u001b[33m=\u001b[39m \u001b[36mawait\u001b[39m createUser({ role\u001b[33m:\u001b[39m \u001b[32m\"admin\"\u001b[39m })\u001b[33m;\u001b[39m\n     \u001b[90m 363 |\u001b[39m     \u001b[36mconst\u001b[39m response \u001b[33m=\u001b[39m \u001b[36mawait\u001b[39m request(app)\u001b[33m.\u001b[39mpost(\u001b[32m\"/api/v1/admin/categories/create\"\u001b[39m)\u001b[33m.\u001b[39m\u001b[36mset\u001b[39m(\u001b[32m\"Authorization\"\u001b[39m\u001b[33m,\u001b[39m bearer(accessToken(admin)))\u001b[33m.\u001b[39mfield(\u001b[32m\"name\"\u001b[39m\u001b[33m,\u001b[39m \u001b[32m\"Bad File\"\u001b[39m)\u001b[33m.\u001b[39mfield(\u001b[32m\"tagline\"\u001b[39m\u001b[33m,\u001b[39m \u001b[32m\"Tagline\"\u001b[39m)\u001b[33m.\u001b[39mfield(\u001b[32m\"themecolor\"\u001b[39m\u001b[33m,\u001b[39m \u001b[32m\"#000000\"\u001b[39m)\u001b[33m.\u001b[39mattach(\u001b[32m\"User_image\"\u001b[39m\u001b[33m,\u001b[39m \u001b[33mBuffer\u001b[39m\u001b[33m.\u001b[39m\u001b[36mfrom\u001b[39m(\u001b[32m\"not an image\"\u001b[39m)\u001b[33m,\u001b[39m \u001b[32m\"payload.txt\"\u001b[39m)\u001b[33m;\u001b[39m\n    \u001b[31m\u001b[1m>\u001b[22m\u001b[39m\u001b[90m 364 |\u001b[39m     expect(response\u001b[33m.\u001b[39mstatus)\u001b[33m.\u001b[39mtoBe(\u001b[35m400\u001b[39m)\u001b[33m;\u001b[39m\n     \u001b[90m     |\u001b[39m                             \u001b[31m\u001b[1m^\u001b[22m\u001b[39m\n     \u001b[90m 365 |\u001b[39m   })\u001b[33m;\u001b[39m\n     \u001b[90m 366 |\u001b[39m\n     \u001b[90m 367 |\u001b[39m   test(\u001b[32m\"rejects oversized category upload with 413\"\u001b[39m\u001b[33m,\u001b[39m \u001b[36masync\u001b[39m () \u001b[33m=>\u001b[39m {\u001b[0m\n\n      at Object.<anonymous> (tests/api.test.js:364:29)\n\n  ● categories and products › rejects oversized category upload with 413\n\n    expect(received).toBe(expected) // Object.is equality\n\n    Expected: 413\n    Received: 500\n\n    \u001b[0m \u001b[90m 368 |\u001b[39m     \u001b[36mconst\u001b[39m admin \u001b[33m=\u001b[39m \u001b[36mawait\u001b[39m createUser({ role\u001b[33m:\u001b[39m \u001b[32m\"admin\"\u001b[39m })\u001b[33m;\u001b[39m\n     \u001b[90m 369 |\u001b[39m     \u001b[36mconst\u001b[39m response \u001b[33m=\u001b[39m \u001b[36mawait\u001b[39m request(app)\u001b[33m.\u001b[39mpost(\u001b[32m\"/api/v1/admin/categories/create\"\u001b[39m)\u001b[33m.\u001b[39m\u001b[36mset\u001b[39m(\u001b[32m\"Authorization\"\u001b[39m\u001b[33m,\u001b[39m bearer(accessToken(admin)))\u001b[33m.\u001b[39mfield(\u001b[32m\"name\"\u001b[39m\u001b[33m,\u001b[39m \u001b[32m\"Large File\"\u001b[39m)\u001b[33m.\u001b[39mfield(\u001b[32m\"tagline\"\u001b[39m\u001b[33m,\u001b[39m \u001b[32m\"Tagline\"\u001b[39m)\u001b[33m.\u001b[39mfield(\u001b[32m\"themecolor\"\u001b[39m\u001b[33m,\u001b[39m \u001b[32m\"#000000\"\u001b[39m)\u001b[33m.\u001b[39mattach(\u001b[32m\"User_image\"\u001b[39m\u001b[33m,\u001b[39m \u001b[33mBuffer\u001b[39m\u001b[33m.\u001b[39malloc(\u001b[35m6\u001b[39m \u001b[33m*\u001b[39m \u001b[35m1024\u001b[39m \u001b[33m*\u001b[39m \u001b[35m1024\u001b[39m\u001b[33m,\u001b[39m \u001b[35m1\u001b[39m)\u001b[33m,\u001b[39m \u001b[32m\"large.png\"\u001b[39m)\u001b[33m;\u001b[39m\n    \u001b[31m\u001b[1m>\u001b[22m\u001b[39m\u001b[90m 370 |\u001b[39m     expect(response\u001b[33m.\u001b[39mstatus)\u001b[33m.\u001b[39mtoBe(\u001b[35m413\u001b[39m)\u001b[33m;\u001b[39m\n     \u001b[90m     |\u001b[39m                             \u001b[31m\u001b[1m^\u001b[22m\u001b[39m\n     \u001b[90m 371 |\u001b[39m   })\u001b[33m;\u001b[39m\n     \u001b[90m 372 |\u001b[39m\n     \u001b[90m 373 |\u001b[39m   test(\u001b[32m\"lists and fetches products\"\u001b[39m\u001b[33m,\u001b[39m \u001b[36masync\u001b[39m () \u001b[33m=>\u001b[39m {\u001b[0m\n\n      at Object.<anonymous> (tests/api.test.js:370:29)\n\n  ● categories and products › returns 400 for invalid product ObjectId\n\n    expect(received).toBe(expected) // Object.is equality\n\n    Expected: 400\n    Received: 500\n\n    \u001b[0m \u001b[90m 379 |\u001b[39m\n     \u001b[90m 380 |\u001b[39m   test(\u001b[32m\"returns 400 for invalid product ObjectId\"\u001b[39m\u001b[33m,\u001b[39m \u001b[36masync\u001b[39m () \u001b[33m=>\u001b[39m {\n    \u001b[31m\u001b[1m>\u001b[22m\u001b[39m\u001b[90m 381 |\u001b[39m     expect((\u001b[36mawait\u001b[39m request(app)\u001b[33m.\u001b[39m\u001b[36mget\u001b[39m(\u001b[32m\"/api/v1/user/products/product-id/not-an-id\"\u001b[39m))\u001b[33m.\u001b[39mstatus)\u001b[33m.\u001b[39mtoBe(\u001b[35m400\u001b[39m)\u001b[33m;\u001b[39m\n     \u001b[90m     |\u001b[39m                                                                                           \u001b[31m\u001b[1m^\u001b[22m\u001b[39m\n     \u001b[90m 382 |\u001b[39m   })\u001b[33m;\u001b[39m\n     \u001b[90m 383 |\u001b[39m\n     \u001b[90m 384 |\u001b[39m   test(\u001b[32m\"returns 404 for missing product\"\u001b[39m\u001b[33m,\u001b[39m \u001b[36masync\u001b[39m () \u001b[33m=>\u001b[39m {\u001b[0m\n\n      at Object.<anonymous> (tests/api.test.js:381:91)\n\n  ● categories and products › returns 404 for missing product\n\n    expect(received).toBe(expected) // Object.is equality\n\n    Expected: 404\n    Received: 400\n\n    \u001b[0m \u001b[90m 383 |\u001b[39m\n     \u001b[90m 384 |\u001b[39m   test(\u001b[32m\"returns 404 for missing product\"\u001b[39m\u001b[33m,\u001b[39m \u001b[36masync\u001b[39m () \u001b[33m=>\u001b[39m {\n    \u001b[31m\u001b[1m>\u001b[22m\u001b[39m\u001b[90m 385 |\u001b[39m     expect((\u001b[36mawait\u001b[39m request(app)\u001b[33m.\u001b[39m\u001b[36mget\u001b[39m(\u001b[32m`/api/v1/user/products/product-id/${new mongoose.Types.ObjectId()}`\u001b[39m))\u001b[33m.\u001b[39mstatus)\u001b[33m.\u001b[39mtoBe(\u001b[35m404\u001b[39m)\u001b[33m;\u001b[39m\n     \u001b[90m     |\u001b[39m                                                                                                                  \u001b[31m\u001b[1m^\u001b[22m\u001b[39m\n     \u001b[90m 386 |\u001b[39m   })\u001b[33m;\u001b[39m\n     \u001b[90m 387 |\u001b[39m })\u001b[33m;\u001b[39m\n     \u001b[90m 388 |\u001b[39m\u001b[0m\n\n      at Object.<anonymous> (tests/api.test.js:385:114)\n\n  ● orders and checkout › returns 400 for invalid order ObjectId\n\n    expect(received).toBe(expected) // Object.is equality\n\n    Expected: 400\n    Received: 500\n\n    \u001b[0m \u001b[90m 465 |\u001b[39m   test(\u001b[32m\"returns 400 for invalid order ObjectId\"\u001b[39m\u001b[33m,\u001b[39m \u001b[36masync\u001b[39m () \u001b[33m=>\u001b[39m {\n     \u001b[90m 466 |\u001b[39m     \u001b[36mconst\u001b[39m user \u001b[33m=\u001b[39m \u001b[36mawait\u001b[39m createUser()\u001b[33m;\u001b[39m\n    \u001b[31m\u001b[1m>\u001b[22m\u001b[39m\u001b[90m 467 |\u001b[39m     expect((\u001b[36mawait\u001b[39m request(app)\u001b[33m.\u001b[39m\u001b[36mget\u001b[39m(\u001b[32m\"/api/v1/user/orders/not-an-id\"\u001b[39m)\u001b[33m.\u001b[39m\u001b[36mset\u001b[39m(\u001b[32m\"Authorization\"\u001b[39m\u001b[33m,\u001b[39m bearer(accessToken(user))))\u001b[33m.\u001b[39mstatus)\u001b[33m.\u001b[39mtoBe(\u001b[35m400\u001b[39m)\u001b[33m;\u001b[39m\n     \u001b[90m     |\u001b[39m                                                                                                                              \u001b[31m\u001b[1m^\u001b[22m\u001b[39m\n     \u001b[90m 468 |\u001b[39m   })\u001b[33m;\u001b[39m\n     \u001b[90m 469 |\u001b[39m\n     \u001b[90m 470 |\u001b[39m   test(\u001b[32m\"admin lists orders\"\u001b[39m\u001b[33m,\u001b[39m \u001b[36masync\u001b[39m () \u001b[33m=>\u001b[39m {\u001b[0m\n\n      at Object.<anonymous> (tests/api.test.js:467:126)\n\n  ● query validation and external integrations › rejects invalid login-activity pagination\n\n    expect(received).toBe(expected) // Object.is equality\n\n    Expected: 400\n    Received: 200\n\n    \u001b[0m \u001b[90m 478 |\u001b[39m     \u001b[36mconst\u001b[39m admin \u001b[33m=\u001b[39m \u001b[36mawait\u001b[39m createUser({ role\u001b[33m:\u001b[39m \u001b[32m\"admin\"\u001b[39m })\u001b[33m;\u001b[39m\n     \u001b[90m 479 |\u001b[39m     \u001b[36mconst\u001b[39m response \u001b[33m=\u001b[39m \u001b[36mawait\u001b[39m request(app)\u001b[33m.\u001b[39m\u001b[36mget\u001b[39m(\u001b[32m\"/api/v1/admin/login-activities?page=-10&limit=invalid\"\u001b[39m)\u001b[33m.\u001b[39m\u001b[36mset\u001b[39m(\u001b[32m\"Authorization\"\u001b[39m\u001b[33m,\u001b[39m bearer(accessToken(admin)))\u001b[33m;\u001b[39m\n    \u001b[31m\u001b[1m>\u001b[22m\u001b[39m\u001b[90m 480 |\u001b[39m     expect(response\u001b[33m.\u001b[39mstatus)\u001b[33m.\u001b[39mtoBe(\u001b[35m400\u001b[39m)\u001b[33m;\u001b[39m\n     \u001b[90m     |\u001b[39m                             \u001b[31m\u001b[1m^\u001b[22m\u001b[39m\n     \u001b[90m 481 |\u001b[39m   })\u001b[33m;\u001b[39m\n     \u001b[90m 482 |\u001b[39m\n     \u001b[90m 483 |\u001b[39m   test\u001b[33m.\u001b[39mskip(\u001b[32m\"performs real Razorpay checkout\"\u001b[39m\u001b[33m,\u001b[39m () \u001b[33m=>\u001b[39m {})\u001b[33m;\u001b[39m\u001b[0m\n\n      at Object.<anonymous> (tests/api.test.js:480:29)\n","name":"D:\\GameENGINE\\backend\\tests\\api.test.js","startTime":1784014763148,"status":"failed","summary":""}],"wasInterrupted":false}
